<t>
    <k>
        runInstruction
    </k>
    <crntMethod>
        .K
    </crntMethod>
    <preparation>
        .K
    </preparation>
    <nextRefLoc>
        8
    </nextRefLoc>
    <pc>
        24
    </pc>
    <crntField>
        .K
    </crntField>
    <localVarTblCnt>
        1
    </localVarTblCnt>
    <crntClass>
        .K
    </crntClass>
    <tempOperandStack>
        ListItem(5)
    </tempOperandStack>
    <envStack>
        .List
    </envStack>
    <stack>
        <crntFrame>
            -1
        </crntFrame>
        <frames>
            .Bag
        </frames>
        <frameStack>
            .Map
        </frameStack>
    </stack>
    <classes>
        <class>
            <classDecl>
                public class A
            </classDecl>
            <methods>
                <method>
                    <methodDecl>
                        public A ( ) ;
                    </methodDecl>
                    <methodNameType>
                        A : ( ) V
                    </methodNameType>
                    <code>
                        <stackMapTbl>
                            .K
                        </stackMapTbl>
                        <lineNoTbl>
                            3 |-> 4
                            4 |-> 9
                            6 |-> 0
                            8 |-> 14
                        </lineNoTbl>
                        <methodStmts>
                            0 |-> aload_0
                            1 |-> invokespecial # 1
                            4 |-> aload_0
                            5 |-> iconst_1
                            6 |-> putfield # 2
                            9 |-> aload_0
                            10 |-> iconst_2
                            11 |-> putfield # 3
                            14 |-> return
                        </methodStmts>
                        <metaInfo>
                            stack |-> 2
                            locals |-> 1
                            args_size |-> 1
                        </metaInfo>
                        <localVarTbl>
                            0 |-> '`(_,_,_,_`)(0,, 15,, this,, LA ;)
                        </localVarTbl>
                    </code>
                    <methodFlags>
                        .Set
                    </methodFlags>
                </method>
            </methods>
            <fields>
                <field>
                    <fieldDecl>
                        private int a2 ;
                    </fieldDecl>
                    <constVal>
                        .K
                    </constVal>
                    <fieldFlags>
                        .Set
                    </fieldFlags>
                </field>
                <field>
                    <fieldDecl>
                        public int a1 ;
                    </fieldDecl>
                    <constVal>
                        .K
                    </constVal>
                    <fieldFlags>
                        .Set
                    </fieldFlags>
                </field>
            </fields>
            <cpool>
                <cpoolVals>
                    # 1 |->   java/ lang / Object  . <init> : ( ) V
                    # 2 |->  A. a1 : I 
                    # 3 |->  A. a2 : I 
                    # 4 |-> A
                    # 5 |->   java/ lang / Object 
                    # 6 |-> a1
                    # 7 |-> I
                    # 8 |-> a2
                    # 9 |-> <init>
                    # 10 |-> ( ) V
                    # 11 |-> Code
                    # 12 |-> LineNumberTable
                    # 13 |-> LocalVariableTable
                    # 14 |-> this
                    # 15 |-> LA ;
                    # 16 |-> SourceFile
                    # 17 |->  A. java 
                    # 18 |-> <init> : ( ) V
                    # 19 |->  a1: I 
                    # 20 |->  a2: I 
                    # 21 |-> A
                    # 22 |->   java/ lang / Object 
                </cpoolVals>
                <cpoolStmts>
                    # 1 |-> Methodref . # 5 . # 18
                    # 2 |-> Fieldref . # 4 . # 19
                    # 3 |-> Fieldref . # 4 . # 20
                    # 4 |-> Class . # 21
                    # 5 |-> Class . # 22
                    # 6 |-> Utf8 . a1
                    # 7 |-> Utf8 . I
                    # 8 |-> Utf8 . a2
                    # 9 |-> Utf8 . <init>
                    # 10 |-> Utf8 . ( ) V
                    # 11 |-> Utf8 . Code
                    # 12 |-> Utf8 . LineNumberTable
                    # 13 |-> Utf8 . LocalVariableTable
                    # 14 |-> Utf8 . this
                    # 15 |-> Utf8 . LA ;
                    # 16 |-> Utf8 . SourceFile
                    # 17 |-> Utf8 .  A. java 
                    # 18 |-> NameAndType . # 9 : # 10
                    # 19 |-> NameAndType . # 6 : # 7
                    # 20 |-> NameAndType . # 8 : # 7
                    # 21 |-> Utf8 . A
                    # 22 |-> Utf8 .   java/ lang / Object 
                </cpoolStmts>
            </cpool>
            <classFlags>
                SetItem(ACC_PUBLIC)
                SetItem(ACC_PRIVATE)
                SetItem(ACC_SUPER)
            </classFlags>
            <implMethods>
                SetItem(A : ( ) V)
            </implMethods>
            <classInfo>
                classfile |-> /    home/ stefan / Projects / jvm  -   
                  semantics/ programs / A  . class
                last_modified |-> ( May , 15 , 2014 )
                md5_checksum |-> 365317d31d7cebd5294d09eebbb07135
                compiled_from |-> "A.java"
                sourcefile |-> "A.java"
                minor_version |-> 0
                major_version |-> 51
            </classInfo>
            <staticFields>
                .Map
            </staticFields>
            <env>
                a1 |-> undefined
                a2 |-> undefined
            </env>
        </class>
        <class>
            <classDecl>
                public class Anonymous
            </classDecl>
            <methods>
                <method>
                    <methodDecl>
                        public static void main (java.lang.String[]) ;
                    </methodDecl>
                    <methodNameType>
                        main : ( [  Ljava/ lang  / String ; ) V
                    </methodNameType>
                    <code>
                        <stackMapTbl>
                            .K
                        </stackMapTbl>
                        <lineNoTbl>
                            4 |-> 0
                            10 |-> 8
                            11 |-> 16
                            12 |-> 24
                        </lineNoTbl>
                        <methodStmts>
                            0 |-> new # 2
                            3 |-> dup
                            4 |-> invokespecial # 3
                            7 |-> astore_1
                            8 |-> new # 4
                            11 |-> dup
                            12 |-> invokespecial # 5
                            15 |-> astore_2
                            16 |-> aload_2
                            17 |-> aload_1
                            18 |-> invokevirtual # 6
                            21 |-> putfield # 7
                            24 |-> return
                        </methodStmts>
                        <metaInfo>
                            stack |-> 2
                            locals |-> 3
                            args_size |-> 1
                        </metaInfo>
                        <localVarTbl>
                            0 |-> '`(_,_,_,_`)(0,, 25,, args,, [  Ljava/ lang 
                               / String ;)
                            1 |-> '`(_,_,_,_`)(8,, 17,, myF,, LF ;)
                            2 |-> '`(_,_,_,_`)(16,, 9,, myA,, LA ;)
                        </localVarTbl>
                    </code>
                    <methodFlags>
                        .Set
                    </methodFlags>
                </method>
                <method>
                    <methodDecl>
                        public Anonymous ( ) ;
                    </methodDecl>
                    <methodNameType>
                        Anonymous : ( ) V
                    </methodNameType>
                    <code>
                        <stackMapTbl>
                            .K
                        </stackMapTbl>
                        <lineNoTbl>
                            1 |-> 0
                        </lineNoTbl>
                        <methodStmts>
                            0 |-> aload_0
                            1 |-> invokespecial # 1
                            4 |-> return
                        </methodStmts>
                        <metaInfo>
                            stack |-> 1
                            locals |-> 1
                            args_size |-> 1
                        </metaInfo>
                        <localVarTbl>
                            0 |-> '`(_,_,_,_`)(0,, 5,, this,, LAnonymous ;)
                        </localVarTbl>
                    </code>
                    <methodFlags>
                        .Set
                    </methodFlags>
                </method>
            </methods>
            <fields>
                .Bag
            </fields>
            <cpool>
                <cpoolVals>
                    # 1 |->   java/ lang / Object  . <init> : ( ) V
                    # 2 |-> Anonymous$1
                    # 3 |->  Anonymous$1. <init> : ( ) V 
                    # 4 |-> A
                    # 5 |->  A. <init> : ( ) V 
                    # 6 |->  F. getF1 : ( ) I 
                    # 7 |->  A. a1 : I 
                    # 8 |-> Anonymous
                    # 9 |->   java/ lang / Object 
                    # 11 |-> InnerClasses
                    # 12 |-> <init>
                    # 13 |-> ( ) V
                    # 14 |-> Code
                    # 15 |-> LineNumberTable
                    # 16 |-> LocalVariableTable
                    # 17 |-> this
                    # 18 |-> LAnonymous ;
                    # 19 |-> main
                    # 20 |-> ( [  Ljava/ lang  / String ; ) V
                    # 21 |-> args
                    # 22 |-> [  Ljava/ lang  / String ;
                    # 23 |-> myF
                    # 24 |-> LF ;
                    # 25 |-> myA
                    # 26 |-> LA ;
                    # 27 |-> SourceFile
                    # 28 |->  Anonymous. java 
                    # 29 |-> <init> : ( ) V
                    # 30 |-> Anonymous$1
                    # 31 |-> A
                    # 32 |-> F
                    # 33 |-> getF1 : ( ) I
                    # 34 |->  a1: I 
                    # 35 |-> Anonymous
                    # 36 |->   java/ lang / Object 
                    # 37 |-> F
                    # 38 |-> getF1
                    # 39 |-> ( ) I
                    # 40 |-> a1
                    # 41 |-> I
                </cpoolVals>
                <cpoolStmts>
                    # 1 |-> Methodref . # 9 . # 29
                    # 2 |-> Class . # 30
                    # 3 |-> Methodref . # 2 . # 29
                    # 4 |-> Class . # 31
                    # 5 |-> Methodref . # 4 . # 29
                    # 6 |-> Methodref . # 32 . # 33
                    # 7 |-> Fieldref . # 4 . # 34
                    # 8 |-> Class . # 35
                    # 9 |-> Class . # 36
                    # 11 |-> Utf8 . InnerClasses
                    # 12 |-> Utf8 . <init>
                    # 13 |-> Utf8 . ( ) V
                    # 14 |-> Utf8 . Code
                    # 15 |-> Utf8 . LineNumberTable
                    # 16 |-> Utf8 . LocalVariableTable
                    # 17 |-> Utf8 . this
                    # 18 |-> Utf8 . LAnonymous ;
                    # 19 |-> Utf8 . main
                    # 20 |-> Utf8 . ( [  Ljava/ lang  / String ; ) V
                    # 21 |-> Utf8 . args
                    # 22 |-> Utf8 . [  Ljava/ lang  / String ;
                    # 23 |-> Utf8 . myF
                    # 24 |-> Utf8 . LF ;
                    # 25 |-> Utf8 . myA
                    # 26 |-> Utf8 . LA ;
                    # 27 |-> Utf8 . SourceFile
                    # 28 |-> Utf8 .  Anonymous. java 
                    # 29 |-> NameAndType . # 12 : # 13
                    # 30 |-> Utf8 . Anonymous$1
                    # 31 |-> Utf8 . A
                    # 32 |-> Class . # 37
                    # 33 |-> NameAndType . # 38 : # 39
                    # 34 |-> NameAndType . # 40 : # 41
                    # 35 |-> Utf8 . Anonymous
                    # 36 |-> Utf8 .   java/ lang / Object 
                    # 37 |-> Utf8 . F
                    # 38 |-> Utf8 . getF1
                    # 39 |-> Utf8 . ( ) I
                    # 40 |-> Utf8 . a1
                    # 41 |-> Utf8 . I
                </cpoolStmts>
            </cpool>
            <classFlags>
                SetItem(ACC_PUBLIC)
                SetItem(ACC_STATIC)
                SetItem(ACC_SUPER)
            </classFlags>
            <implMethods>
                SetItem(main : ( [  Ljava/ lang  / String ; ) V)
                SetItem(Anonymous : ( ) V)
            </implMethods>
            <classInfo>
                classfile |-> /    home/ stefan / Projects / jvm  -   
                  semantics/ programs / Anonymous  . class
                last_modified |-> ( May , 15 , 2014 )
                md5_checksum |-> d4840d9f7fb6ec52c59d43e72b60f4a1
                compiled_from |-> "Anonymous.java"
                sourcefile |-> "Anonymous.java"
                minor_version |-> 0
                major_version |-> 51
                inner_class |-> static # 2 ;
            </classInfo>
            <staticFields>
                .Map
            </staticFields>
            <env>
                .Map
            </env>
        </class>
        <class>
            <classDecl>
                public class F
            </classDecl>
            <methods>
                <method>
                    <methodDecl>
                        public int getF1 ( ) ;
                    </methodDecl>
                    <methodNameType>
                        getF1 : ( ) I
                    </methodNameType>
                    <code>
                        <stackMapTbl>
                            .K
                        </stackMapTbl>
                        <lineNoTbl>
                            11 |-> 0
                        </lineNoTbl>
                        <methodStmts>
                            0 |-> aload_0
                            1 |-> getfield # 2
                            4 |-> ireturn
                        </methodStmts>
                        <metaInfo>
                            stack |-> 1
                            locals |-> 1
                            args_size |-> 1
                        </metaInfo>
                        <localVarTbl>
                            0 |-> '`(_,_,_,_`)(0,, 5,, this,, LF ;)
                        </localVarTbl>
                    </code>
                    <methodFlags>
                        .Set
                    </methodFlags>
                </method>
                <method>
                    <methodDecl>
                        public F ( ) ;
                    </methodDecl>
                    <methodNameType>
                        F : ( ) V
                    </methodNameType>
                    <code>
                        <stackMapTbl>
                            .K
                        </stackMapTbl>
                        <lineNoTbl>
                            3 |-> 4
                            4 |-> 9
                            6 |-> 0
                            8 |-> 14
                        </lineNoTbl>
                        <methodStmts>
                            0 |-> aload_0
                            1 |-> invokespecial # 1
                            4 |-> aload_0
                            5 |-> iconst_0
                            6 |-> putfield # 2
                            9 |-> aload_0
                            10 |-> iconst_1
                            11 |-> putfield # 3
                            14 |-> return
                        </methodStmts>
                        <metaInfo>
                            stack |-> 2
                            locals |-> 1
                            args_size |-> 1
                        </metaInfo>
                        <localVarTbl>
                            0 |-> '`(_,_,_,_`)(0,, 15,, this,, LF ;)
                        </localVarTbl>
                    </code>
                    <methodFlags>
                        .Set
                    </methodFlags>
                </method>
            </methods>
            <fields>
                <field>
                    <fieldDecl>
                        private int f2 ;
                    </fieldDecl>
                    <constVal>
                        .K
                    </constVal>
                    <fieldFlags>
                        .Set
                    </fieldFlags>
                </field>
                <field>
                    <fieldDecl>
                        public int f1 ;
                    </fieldDecl>
                    <constVal>
                        .K
                    </constVal>
                    <fieldFlags>
                        .Set
                    </fieldFlags>
                </field>
            </fields>
            <cpool>
                <cpoolVals>
                    # 1 |->   java/ lang / Object  . <init> : ( ) V
                    # 2 |->  F. f1 : I 
                    # 3 |->  F. f2 : I 
                    # 4 |-> F
                    # 5 |->   java/ lang / Object 
                    # 6 |-> f1
                    # 7 |-> I
                    # 8 |-> f2
                    # 9 |-> <init>
                    # 10 |-> ( ) V
                    # 11 |-> Code
                    # 12 |-> LineNumberTable
                    # 13 |-> LocalVariableTable
                    # 14 |-> this
                    # 15 |-> LF ;
                    # 16 |-> getF1
                    # 17 |-> ( ) I
                    # 18 |-> SourceFile
                    # 19 |->  F. java 
                    # 20 |-> <init> : ( ) V
                    # 21 |->  f1: I 
                    # 22 |->  f2: I 
                    # 23 |-> F
                    # 24 |->   java/ lang / Object 
                </cpoolVals>
                <cpoolStmts>
                    # 1 |-> Methodref . # 5 . # 20
                    # 2 |-> Fieldref . # 4 . # 21
                    # 3 |-> Fieldref . # 4 . # 22
                    # 4 |-> Class . # 23
                    # 5 |-> Class . # 24
                    # 6 |-> Utf8 . f1
                    # 7 |-> Utf8 . I
                    # 8 |-> Utf8 . f2
                    # 9 |-> Utf8 . <init>
                    # 10 |-> Utf8 . ( ) V
                    # 11 |-> Utf8 . Code
                    # 12 |-> Utf8 . LineNumberTable
                    # 13 |-> Utf8 . LocalVariableTable
                    # 14 |-> Utf8 . this
                    # 15 |-> Utf8 . LF ;
                    # 16 |-> Utf8 . getF1
                    # 17 |-> Utf8 . ( ) I
                    # 18 |-> Utf8 . SourceFile
                    # 19 |-> Utf8 .  F. java 
                    # 20 |-> NameAndType . # 9 : # 10
                    # 21 |-> NameAndType . # 6 : # 7
                    # 22 |-> NameAndType . # 8 : # 7
                    # 23 |-> Utf8 . F
                    # 24 |-> Utf8 .   java/ lang / Object 
                </cpoolStmts>
            </cpool>
            <classFlags>
                SetItem(ACC_PUBLIC)
                SetItem(ACC_PRIVATE)
                SetItem(ACC_SUPER)
            </classFlags>
            <implMethods>
                SetItem(F : ( ) V)
                SetItem(getF1 : ( ) I)
            </implMethods>
            <classInfo>
                classfile |-> /    home/ stefan / Projects / jvm  -   
                  semantics/ programs / F  . class
                last_modified |-> ( May , 15 , 2014 )
                md5_checksum |-> 17104e2c830fce2e4d09cd689d450cd2
                compiled_from |-> "F.java"
                sourcefile |-> "F.java"
                minor_version |-> 0
                major_version |-> 51
            </classInfo>
            <staticFields>
                .Map
            </staticFields>
            <env>
                f1 |-> undefined
                f2 |-> undefined
            </env>
        </class>
        <class>
            <classDecl>
                final class Anonymous$1 extends F
            </classDecl>
            <methods>
                <method>
                    <methodDecl>
                        Anonymous$1 ( ) ;
                    </methodDecl>
                    <methodNameType>
                        Anonymous$1 : ( ) V
                    </methodNameType>
                    <code>
                        <stackMapTbl>
                            .K
                        </stackMapTbl>
                        <lineNoTbl>
                            4 |-> 0
                        </lineNoTbl>
                        <methodStmts>
                            0 |-> aload_0
                            1 |-> invokespecial # 1
                            4 |-> return
                        </methodStmts>
                        <metaInfo>
                            stack |-> 1
                            locals |-> 1
                            args_size |-> 1
                        </metaInfo>
                        <localVarTbl>
                            0 |-> '`(_,_,_,_`)(0,, 5,, this,, LAnonymous$1 ;)
                        </localVarTbl>
                    </code>
                    <methodFlags>
                        .Set
                    </methodFlags>
                </method>
                <method>
                    <methodDecl>
                        public int getF1 ( ) ;
                    </methodDecl>
                    <methodNameType>
                        getF1 : ( ) I
                    </methodNameType>
                    <code>
                        <stackMapTbl>
                            .K
                        </stackMapTbl>
                        <lineNoTbl>
                            6 |-> 0
                        </lineNoTbl>
                        <methodStmts>
                            0 |-> iconst_1
                            1 |-> ireturn
                        </methodStmts>
                        <metaInfo>
                            stack |-> 1
                            locals |-> 1
                            args_size |-> 1
                        </metaInfo>
                        <localVarTbl>
                            0 |-> '`(_,_,_,_`)(0,, 2,, this,, LAnonymous$1 ;)
                        </localVarTbl>
                    </code>
                    <methodFlags>
                        .Set
                    </methodFlags>
                </method>
            </methods>
            <fields>
                .Bag
            </fields>
            <cpool>
                <cpoolVals>
                    # 1 |->  F. <init> : ( ) V 
                    # 2 |-> Anonymous$1
                    # 3 |-> F
                    # 4 |-> <init>
                    # 5 |-> ( ) V
                    # 6 |-> Code
                    # 7 |-> LineNumberTable
                    # 8 |-> LocalVariableTable
                    # 9 |-> this
                    # 11 |-> InnerClasses
                    # 12 |-> LAnonymous$1 ;
                    # 13 |-> getF1
                    # 14 |-> ( ) I
                    # 15 |-> SourceFile
                    # 16 |->  Anonymous. java 
                    # 17 |-> EnclosingMethod
                    # 18 |-> Anonymous
                    # 19 |-> main : ( [  Ljava/ lang  / String ; ) V
                    # 20 |-> <init> : ( ) V
                    # 21 |-> Anonymous$1
                    # 22 |-> F
                    # 23 |-> Anonymous
                    # 24 |-> main
                    # 25 |-> ( [  Ljava/ lang  / String ; ) V
                </cpoolVals>
                <cpoolStmts>
                    # 1 |-> Methodref . # 3 . # 20
                    # 2 |-> Class . # 21
                    # 3 |-> Class . # 22
                    # 4 |-> Utf8 . <init>
                    # 5 |-> Utf8 . ( ) V
                    # 6 |-> Utf8 . Code
                    # 7 |-> Utf8 . LineNumberTable
                    # 8 |-> Utf8 . LocalVariableTable
                    # 9 |-> Utf8 . this
                    # 11 |-> Utf8 . InnerClasses
                    # 12 |-> Utf8 . LAnonymous$1 ;
                    # 13 |-> Utf8 . getF1
                    # 14 |-> Utf8 . ( ) I
                    # 15 |-> Utf8 . SourceFile
                    # 16 |-> Utf8 .  Anonymous. java 
                    # 17 |-> Utf8 . EnclosingMethod
                    # 18 |-> Class . # 23
                    # 19 |-> NameAndType . # 24 : # 25
                    # 20 |-> NameAndType . # 4 : # 5
                    # 21 |-> Utf8 . Anonymous$1
                    # 22 |-> Utf8 . F
                    # 23 |-> Utf8 . Anonymous
                    # 24 |-> Utf8 . main
                    # 25 |-> Utf8 . ( [  Ljava/ lang  / String ; ) V
                </cpoolStmts>
            </cpool>
            <classFlags>
                SetItem(ACC_PUBLIC)
                SetItem(ACC_FINAL)
                SetItem(ACC_SUPER)
            </classFlags>
            <implMethods>
                SetItem(getF1 : ( ) I)
                SetItem(Anonymous$1 : ( ) V)
            </implMethods>
            <classInfo>
                classfile |-> /    home/ stefan / Projects / jvm  -   
                  semantics/ programs / Anonymous$1  . class
                last_modified |-> ( May , 15 , 2014 )
                md5_checksum |-> 733561a7e975563b2ef5228a1f6adc66
                compiled_from |-> "Anonymous.java"
                sourcefile |-> "Anonymous.java"
                minor_version |-> 0
                major_version |-> 51
                inner_class |-> static # 2 ;
                enclosing_method |-> # 18 . # 19
            </classInfo>
            <staticFields>
                .Map
            </staticFields>
            <env>
                .Map
            </env>
        </class>
    </classes>
    <heap>
        1 |-> object ( Anonymous , <envStack> ( Anonymous , <env> .Map </env> 
          ) (   java/ lang / Object  , <env> .Map </env> ) </envStack> )
        2 |-> object ( Anonymous$1 , <envStack> ( Anonymous$1 , <env> .Map 
          </env> ) ( F , <env> f1 |-> 3 f2 |-> 4 </env> ) (   java/ lang / 
          Object  , <env> .Map </env> ) </envStack> )
        3 |-> 0
        4 |-> 1
        5 |-> object ( A , <envStack> ( A , <env> a1 |-> 6 a2 |-> 7 </env> ) (
             java/ lang / Object  , <env> .Map </env> ) </envStack> )
        6 |-> 1
        7 |-> 2
    </heap>
</t>
