<t>
    <k>
        .K
    </k>
    <crntMethod>
        .K
    </crntMethod>
    <preparation>
        .K
    </preparation>
    <nextRefLoc>
        2
    </nextRefLoc>
    <pc>
        17
    </pc>
    <crntField>
        .K
    </crntField>
    <localVarTblCnt>
        7
    </localVarTblCnt>
    <crntClass>
        .K
    </crntClass>
    <tempOperandStack>
        .List
    </tempOperandStack>
    <envStack>
        .List
    </envStack>
    <stack>
        <crntFrame>
            -1
        </crntFrame>
        <frames>
            .Bag
        </frames>
        <frameStack>
            .Map
        </frameStack>
    </stack>
    <classes>
        <class>
            <classDecl>
                public class CharOperations
            </classDecl>
            <methods>
                <method>
                    <methodDecl>
                        public static void main (java.lang.String[]) ;
                    </methodDecl>
                    <methodNameType>
                        main : ( [  Ljava/ lang  / String ; ) V
                    </methodNameType>
                    <code>
                        <stackMapTbl>
                            .K
                        </stackMapTbl>
                        <lineNoTbl>
                            4 |-> 0
                            5 |-> 3
                            6 |-> 5
                            7 |-> 8
                            8 |-> 12
                            9 |-> 17
                        </lineNoTbl>
                        <methodStmts>
                            0 |-> bipush 97
                            2 |-> istore_1
                            3 |-> iconst_2
                            4 |-> istore_2
                            5 |-> bipush 99
                            7 |-> istore_3
                            8 |-> ldc # 2
                            10 |-> istore 4
                            12 |-> iload 4
                            14 |-> i2c
                            15 |-> istore 5
                            17 |-> return
                        </methodStmts>
                        <metaInfo>
                            stack |-> 1
                            locals |-> 6
                            args_size |-> 1
                        </metaInfo>
                        <localVarTbl>
                            0 |-> '`(_,_,_,_`)(0,, 18,, args,, [  Ljava/ lang 
                               / String ;)
                            1 |-> '`(_,_,_,_`)(3,, 15,, a,, C)
                            2 |-> '`(_,_,_,_`)(5,, 13,, b,, C)
                            3 |-> '`(_,_,_,_`)(8,, 10,, c,, C)
                            4 |-> '`(_,_,_,_`)(12,, 6,, val,, I)
                            5 |-> '`(_,_,_,_`)(17,, 1,, d,, C)
                        </localVarTbl>
                    </code>
                    <methodFlags>
                        .Set
                    </methodFlags>
                </method>
                <method>
                    <methodDecl>
                        public CharOperations ( ) ;
                    </methodDecl>
                    <methodNameType>
                        CharOperations : ( ) V
                    </methodNameType>
                    <code>
                        <stackMapTbl>
                            .K
                        </stackMapTbl>
                        <lineNoTbl>
                            1 |-> 0
                        </lineNoTbl>
                        <methodStmts>
                            0 |-> aload_0
                            1 |-> invokespecial # 1
                            4 |-> return
                        </methodStmts>
                        <metaInfo>
                            stack |-> 1
                            locals |-> 1
                            args_size |-> 1
                        </metaInfo>
                        <localVarTbl>
                            0 |-> '`(_,_,_,_`)(0,, 5,, this,, LCharOperations 
                              ;)
                        </localVarTbl>
                    </code>
                    <methodFlags>
                        .Set
                    </methodFlags>
                </method>
            </methods>
            <fields>
                .Bag
            </fields>
            <cpool>
                <cpoolVals>
                    # 1 |->   java/ lang / Object  . <init> : ( ) V
                    # 2 |-> 65636
                    # 3 |-> CharOperations
                    # 4 |->   java/ lang / Object 
                    # 5 |-> <init>
                    # 6 |-> ( ) V
                    # 7 |-> Code
                    # 8 |-> LineNumberTable
                    # 9 |-> LocalVariableTable
                    # 10 |-> this
                    # 11 |-> LCharOperations ;
                    # 12 |-> main
                    # 13 |-> ( [  Ljava/ lang  / String ; ) V
                    # 14 |-> args
                    # 15 |-> [  Ljava/ lang  / String ;
                    # 16 |-> a
                    # 17 |-> C
                    # 18 |-> b
                    # 19 |-> c
                    # 20 |-> val
                    # 21 |-> I
                    # 22 |-> d
                    # 23 |-> SourceFile
                    # 24 |->  CharOperations. java 
                    # 25 |-> <init> : ( ) V
                    # 26 |-> CharOperations
                    # 27 |->   java/ lang / Object 
                </cpoolVals>
                <cpoolStmts>
                    # 1 |-> Methodref . # 4 . # 25
                    # 2 |-> Integer . 65636
                    # 3 |-> Class . # 26
                    # 4 |-> Class . # 27
                    # 5 |-> Utf8 . <init>
                    # 6 |-> Utf8 . ( ) V
                    # 7 |-> Utf8 . Code
                    # 8 |-> Utf8 . LineNumberTable
                    # 9 |-> Utf8 . LocalVariableTable
                    # 10 |-> Utf8 . this
                    # 11 |-> Utf8 . LCharOperations ;
                    # 12 |-> Utf8 . main
                    # 13 |-> Utf8 . ( [  Ljava/ lang  / String ; ) V
                    # 14 |-> Utf8 . args
                    # 15 |-> Utf8 . [  Ljava/ lang  / String ;
                    # 16 |-> Utf8 . a
                    # 17 |-> Utf8 . C
                    # 18 |-> Utf8 . b
                    # 19 |-> Utf8 . c
                    # 20 |-> Utf8 . val
                    # 21 |-> Utf8 . I
                    # 22 |-> Utf8 . d
                    # 23 |-> Utf8 . SourceFile
                    # 24 |-> Utf8 .  CharOperations. java 
                    # 25 |-> NameAndType . # 5 : # 6
                    # 26 |-> Utf8 . CharOperations
                    # 27 |-> Utf8 .   java/ lang / Object 
                </cpoolStmts>
            </cpool>
            <classFlags>
                SetItem(ACC_PUBLIC)
                SetItem(ACC_STATIC)
                SetItem(ACC_SUPER)
            </classFlags>
            <implMethods>
                SetItem(main : ( [  Ljava/ lang  / String ; ) V)
                SetItem(CharOperations : ( ) V)
            </implMethods>
            <classInfo>
                classfile |-> /    home/ stefan / Projects / jvm  -   
                  semantics/ programs / CharOperations  . class
                last_modified |-> ( May , 14 , 2014 )
                md5_checksum |-> 03e86922728397b9ab906ed0ee499fc0
                compiled_from |-> "CharOperations.java"
                sourcefile |-> "CharOperations.java"
                minor_version |-> 0
                major_version |-> 51
            </classInfo>
            <staticFields>
                .Map
            </staticFields>
            <env>
                .Map
            </env>
        </class>
    </classes>
    <heap>
        1 |-> object ( CharOperations , <envStack> ( CharOperations , <env> 
          .Map </env> ) (   java/ lang / Object  , <env> .Map </env> ) 
          </envStack> )
    </heap>
</t>
