<t>
    <k>
        .K
    </k>
    <crntMethod>
        .K
    </crntMethod>
    <preparation>
        .K
    </preparation>
    <nextRefLoc>
        2
    </nextRefLoc>
    <pc>
        66
    </pc>
    <crntField>
        .K
    </crntField>
    <localVarTblCnt>
        6
    </localVarTblCnt>
    <crntClass>
        .K
    </crntClass>
    <tempOperandStack>
        .List
    </tempOperandStack>
    <envStack>
        .List
    </envStack>
    <stack>
        <crntFrame>
            -1
        </crntFrame>
        <frames>
            .Bag
        </frames>
        <frameStack>
            .Map
        </frameStack>
    </stack>
    <classes>
        <class>
            <classDecl>
                public class DoubleOperations
            </classDecl>
            <methods>
                <method>
                    <methodDecl>
                        public static void main (java.lang.String[]) ;
                    </methodDecl>
                    <methodNameType>
                        main : ( [  Ljava/ lang  / String ; ) V
                    </methodNameType>
                    <code>
                        <stackMapTbl>
                            number_of_entries = 3 frame_type = 253 
                              offset_delta = 22 locals = [ double, double ] 
                              frame_type = 1 frame_type = 22
                        </stackMapTbl>
                        <lineNoTbl>
                            4 |-> 0
                            5 |-> 4
                            6 |-> 8
                            7 |-> 16
                            8 |-> 22
                            8 |-> 38
                            9 |-> 32
                            10 |-> 47
                            11 |-> 52
                            12 |-> 57
                            13 |-> 66
                        </lineNoTbl>
                        <methodStmts>
                            0 |-> ldc2_w # 2
                            3 |-> dstore_1
                            4 |-> ldc2_w # 4
                            7 |-> dstore_3
                            8 |-> dload_1
                            9 |-> ldc2_w # 6
                            12 |-> dcmpg
                            13 |-> ifge 22
                            16 |-> dload_1
                            17 |-> ldc2_w # 8
                            20 |-> dmul
                            21 |-> dstore_3
                            22 |-> dconst_0
                            23 |-> dstore_1
                            24 |-> dload_1
                            25 |-> ldc2_w # 10
                            28 |-> dcmpg
                            29 |-> ifge 47
                            32 |-> dload_3
                            33 |-> ldc2_w # 12
                            36 |-> dadd
                            37 |-> dstore_3
                            38 |-> dload_1
                            39 |-> ldc2_w # 8
                            42 |-> dadd
                            43 |-> dstore_1
                            44 |-> goto 24
                            47 |-> dload_1
                            48 |-> dload_3
                            49 |-> dadd
                            50 |-> dstore 5
                            52 |-> ldc2_w # 14
                            55 |-> dstore 7
                            57 |-> dload 7
                            59 |-> dload_3
                            60 |-> ddiv
                            61 |-> ldc2_w # 16
                            64 |-> dsub
                            65 |-> dstore_3
                            66 |-> return
                        </methodStmts>
                        <metaInfo>
                            stack |-> 4
                            locals |-> 9
                            args_size |-> 1
                        </metaInfo>
                        <localVarTbl>
                            0 |-> '`(_,_,_,_`)(0,, 67,, args,, [  Ljava/ lang 
                               / String ;)
                            1 |-> '`(_,_,_,_`)(4,, 63,, i,, D)
                            3 |-> '`(_,_,_,_`)(8,, 59,, j,, D)
                            5 |-> '`(_,_,_,_`)(52,, 15,, k,, D)
                            7 |-> '`(_,_,_,_`)(57,, 10,, l,, D)
                        </localVarTbl>
                    </code>
                    <methodFlags>
                        .Set
                    </methodFlags>
                </method>
                <method>
                    <methodDecl>
                        public DoubleOperations ( ) ;
                    </methodDecl>
                    <methodNameType>
                        DoubleOperations : ( ) V
                    </methodNameType>
                    <code>
                        <stackMapTbl>
                            .K
                        </stackMapTbl>
                        <lineNoTbl>
                            1 |-> 0
                        </lineNoTbl>
                        <methodStmts>
                            0 |-> aload_0
                            1 |-> invokespecial # 1
                            4 |-> return
                        </methodStmts>
                        <metaInfo>
                            stack |-> 1
                            locals |-> 1
                            args_size |-> 1
                        </metaInfo>
                        <localVarTbl>
                            0 |-> '`(_,_,_,_`)(0,, 5,, this,, 
                              LDoubleOperations ;)
                        </localVarTbl>
                    </code>
                    <methodFlags>
                        .Set
                    </methodFlags>
                </method>
            </methods>
            <fields>
                .Bag
            </fields>
            <cpool>
                <cpoolVals>
                    # 1 |->   java/ lang / Object  . <init> : ( ) V
                    # 2 |-> 5.0
                    # 4 |-> 2.05e+1
                    # 6 |-> 1.0e+1
                    # 8 |-> 2.0
                    # 10 |-> 8.0
                    # 12 |-> 1.3
                    # 14 |-> 6.7000000000000002
                    # 16 |-> 3.0
                    # 18 |-> DoubleOperations
                    # 19 |->   java/ lang / Object 
                    # 20 |-> <init>
                    # 21 |-> ( ) V
                    # 22 |-> Code
                    # 23 |-> LineNumberTable
                    # 24 |-> LocalVariableTable
                    # 25 |-> this
                    # 26 |-> LDoubleOperations ;
                    # 27 |-> main
                    # 28 |-> ( [  Ljava/ lang  / String ; ) V
                    # 29 |-> args
                    # 30 |-> [  Ljava/ lang  / String ;
                    # 31 |-> i
                    # 32 |-> D
                    # 33 |-> j
                    # 34 |-> k
                    # 35 |-> l
                    # 36 |-> StackMapTable
                    # 37 |-> SourceFile
                    # 38 |->  DoubleOperations. java 
                    # 39 |-> <init> : ( ) V
                    # 40 |-> DoubleOperations
                    # 41 |->   java/ lang / Object 
                </cpoolVals>
                <cpoolStmts>
                    # 1 |-> Methodref . # 19 . # 39
                    # 2 |-> Double . 5.0d
                    # 4 |-> Double . 20.5d
                    # 6 |-> Double . 10.0d
                    # 8 |-> Double . 2.0d
                    # 10 |-> Double . 8.0d
                    # 12 |-> Double . 1.3d
                    # 14 |-> Double . 6.7d
                    # 16 |-> Double . 3.0d
                    # 18 |-> Class . # 40
                    # 19 |-> Class . # 41
                    # 20 |-> Utf8 . <init>
                    # 21 |-> Utf8 . ( ) V
                    # 22 |-> Utf8 . Code
                    # 23 |-> Utf8 . LineNumberTable
                    # 24 |-> Utf8 . LocalVariableTable
                    # 25 |-> Utf8 . this
                    # 26 |-> Utf8 . LDoubleOperations ;
                    # 27 |-> Utf8 . main
                    # 28 |-> Utf8 . ( [  Ljava/ lang  / String ; ) V
                    # 29 |-> Utf8 . args
                    # 30 |-> Utf8 . [  Ljava/ lang  / String ;
                    # 31 |-> Utf8 . i
                    # 32 |-> Utf8 . D
                    # 33 |-> Utf8 . j
                    # 34 |-> Utf8 . k
                    # 35 |-> Utf8 . l
                    # 36 |-> Utf8 . StackMapTable
                    # 37 |-> Utf8 . SourceFile
                    # 38 |-> Utf8 .  DoubleOperations. java 
                    # 39 |-> NameAndType . # 20 : # 21
                    # 40 |-> Utf8 . DoubleOperations
                    # 41 |-> Utf8 .   java/ lang / Object 
                </cpoolStmts>
            </cpool>
            <classFlags>
                SetItem(ACC_PUBLIC)
                SetItem(ACC_STATIC)
                SetItem(ACC_SUPER)
            </classFlags>
            <implMethods>
                SetItem(main : ( [  Ljava/ lang  / String ; ) V)
                SetItem(DoubleOperations : ( ) V)
            </implMethods>
            <classInfo>
                classfile |-> /    home/ stefan / Projects / jvm  -   
                  semantics/ programs / DoubleOperations  . class
                last_modified |-> ( May , 14 , 2014 )
                md5_checksum |-> 740edadbe0f4b4eeffa40e476f02dfe3
                compiled_from |-> "DoubleOperations.java"
                sourcefile |-> "DoubleOperations.java"
                minor_version |-> 0
                major_version |-> 51
            </classInfo>
            <staticFields>
                .Map
            </staticFields>
            <env>
                .Map
            </env>
        </class>
    </classes>
    <heap>
        1 |-> object ( DoubleOperations , <envStack> ( DoubleOperations , 
          <env> .Map </env> ) (   java/ lang / Object  , <env> .Map </env> ) 
          </envStack> )
    </heap>
</t>
