<t>
    <k>
        .K
    </k>
    <crntMethod>
        .K
    </crntMethod>
    <preparation>
        .K
    </preparation>
    <nextRefLoc>
        2
    </nextRefLoc>
    <pc>
        54
    </pc>
    <crntField>
        .K
    </crntField>
    <localVarTblCnt>
        6
    </localVarTblCnt>
    <crntClass>
        .K
    </crntClass>
    <tempOperandStack>
        .List
    </tempOperandStack>
    <envStack>
        .List
    </envStack>
    <stack>
        <crntFrame>
            -1
        </crntFrame>
        <frames>
            .Bag
        </frames>
        <frameStack>
            .Map
        </frameStack>
    </stack>
    <classes>
        <class>
            <classDecl>
                public class FloatOperations
            </classDecl>
            <methods>
                <method>
                    <methodDecl>
                        public static void main (java.lang.String[]) ;
                    </methodDecl>
                    <methodNameType>
                        main : ( [  Ljava/ lang  / String ; ) V
                    </methodNameType>
                    <code>
                        <stackMapTbl>
                            number_of_entries = 3 frame_type = 253 
                              offset_delta = 17 locals = [ float, float ] 
                              frame_type = 1 frame_type = 18
                        </stackMapTbl>
                        <lineNoTbl>
                            4 |-> 0
                            5 |-> 3
                            6 |-> 6
                            7 |-> 13
                            8 |-> 17
                            8 |-> 31
                            9 |-> 26
                            10 |-> 38
                            11 |-> 42
                            12 |-> 46
                            13 |-> 54
                        </lineNoTbl>
                        <methodStmts>
                            0 |-> ldc # 2
                            2 |-> fstore_1
                            3 |-> ldc # 3
                            5 |-> fstore_2
                            6 |-> fload_1
                            7 |-> ldc # 4
                            9 |-> fcmpg
                            10 |-> ifge 17
                            13 |-> fload_1
                            14 |-> fconst_2
                            15 |-> fmul
                            16 |-> fstore_2
                            17 |-> fconst_0
                            18 |-> fstore_1
                            19 |-> fload_1
                            20 |-> ldc # 5
                            22 |-> fcmpg
                            23 |-> ifge 38
                            26 |-> fload_2
                            27 |-> ldc # 6
                            29 |-> fadd
                            30 |-> fstore_2
                            31 |-> fload_1
                            32 |-> fconst_2
                            33 |-> fadd
                            34 |-> fstore_1
                            35 |-> goto 19
                            38 |-> fload_1
                            39 |-> fload_2
                            40 |-> fadd
                            41 |-> fstore_3
                            42 |-> ldc # 7
                            44 |-> fstore 4
                            46 |-> fload 4
                            48 |-> fload_2
                            49 |-> fdiv
                            50 |-> ldc # 8
                            52 |-> fsub
                            53 |-> fstore_2
                            54 |-> return
                        </methodStmts>
                        <metaInfo>
                            stack |-> 2
                            locals |-> 5
                            args_size |-> 1
                        </metaInfo>
                        <localVarTbl>
                            0 |-> '`(_,_,_,_`)(0,, 55,, args,, [  Ljava/ lang 
                               / String ;)
                            1 |-> '`(_,_,_,_`)(3,, 52,, i,, F)
                            2 |-> '`(_,_,_,_`)(6,, 49,, j,, F)
                            3 |-> '`(_,_,_,_`)(42,, 13,, k,, F)
                            4 |-> '`(_,_,_,_`)(46,, 9,, l,, F)
                        </localVarTbl>
                    </code>
                    <methodFlags>
                        .Set
                    </methodFlags>
                </method>
                <method>
                    <methodDecl>
                        public FloatOperations ( ) ;
                    </methodDecl>
                    <methodNameType>
                        FloatOperations : ( ) V
                    </methodNameType>
                    <code>
                        <stackMapTbl>
                            .K
                        </stackMapTbl>
                        <lineNoTbl>
                            1 |-> 0
                        </lineNoTbl>
                        <methodStmts>
                            0 |-> aload_0
                            1 |-> invokespecial # 1
                            4 |-> return
                        </methodStmts>
                        <metaInfo>
                            stack |-> 1
                            locals |-> 1
                            args_size |-> 1
                        </metaInfo>
                        <localVarTbl>
                            0 |-> '`(_,_,_,_`)(0,, 5,, this,, LFloatOperations
                               ;)
                        </localVarTbl>
                    </code>
                    <methodFlags>
                        .Set
                    </methodFlags>
                </method>
            </methods>
            <fields>
                .Bag
            </fields>
            <cpool>
                <cpoolVals>
                    # 1 |->   java/ lang / Object  . <init> : ( ) V
                    # 2 |-> 5.0
                    # 3 |-> 2.05e+1
                    # 4 |-> 1.0e+1
                    # 5 |-> 8.0
                    # 6 |-> 1.3
                    # 7 |-> 6.7000000000000002
                    # 8 |-> 3.0
                    # 9 |-> FloatOperations
                    # 10 |->   java/ lang / Object 
                    # 11 |-> <init>
                    # 12 |-> ( ) V
                    # 13 |-> Code
                    # 14 |-> LineNumberTable
                    # 15 |-> LocalVariableTable
                    # 16 |-> this
                    # 17 |-> LFloatOperations ;
                    # 18 |-> main
                    # 19 |-> ( [  Ljava/ lang  / String ; ) V
                    # 20 |-> args
                    # 21 |-> [  Ljava/ lang  / String ;
                    # 22 |-> i
                    # 23 |-> F
                    # 24 |-> j
                    # 25 |-> k
                    # 26 |-> l
                    # 27 |-> StackMapTable
                    # 28 |-> SourceFile
                    # 29 |->  FloatOperations. java 
                    # 30 |-> <init> : ( ) V
                    # 31 |-> FloatOperations
                    # 32 |->   java/ lang / Object 
                </cpoolVals>
                <cpoolStmts>
                    # 1 |-> Methodref . # 10 . # 30
                    # 2 |-> Float . 5.0f
                    # 3 |-> Float . 20.5f
                    # 4 |-> Float . 10.0f
                    # 5 |-> Float . 8.0f
                    # 6 |-> Float . 1.3f
                    # 7 |-> Float . 6.7f
                    # 8 |-> Float . 3.0f
                    # 9 |-> Class . # 31
                    # 10 |-> Class . # 32
                    # 11 |-> Utf8 . <init>
                    # 12 |-> Utf8 . ( ) V
                    # 13 |-> Utf8 . Code
                    # 14 |-> Utf8 . LineNumberTable
                    # 15 |-> Utf8 . LocalVariableTable
                    # 16 |-> Utf8 . this
                    # 17 |-> Utf8 . LFloatOperations ;
                    # 18 |-> Utf8 . main
                    # 19 |-> Utf8 . ( [  Ljava/ lang  / String ; ) V
                    # 20 |-> Utf8 . args
                    # 21 |-> Utf8 . [  Ljava/ lang  / String ;
                    # 22 |-> Utf8 . i
                    # 23 |-> Utf8 . F
                    # 24 |-> Utf8 . j
                    # 25 |-> Utf8 . k
                    # 26 |-> Utf8 . l
                    # 27 |-> Utf8 . StackMapTable
                    # 28 |-> Utf8 . SourceFile
                    # 29 |-> Utf8 .  FloatOperations. java 
                    # 30 |-> NameAndType . # 11 : # 12
                    # 31 |-> Utf8 . FloatOperations
                    # 32 |-> Utf8 .   java/ lang / Object 
                </cpoolStmts>
            </cpool>
            <classFlags>
                SetItem(ACC_PUBLIC)
                SetItem(ACC_STATIC)
                SetItem(ACC_SUPER)
            </classFlags>
            <implMethods>
                SetItem(main : ( [  Ljava/ lang  / String ; ) V)
                SetItem(FloatOperations : ( ) V)
            </implMethods>
            <classInfo>
                classfile |-> /    home/ stefan / Projects / jvm  -   
                  semantics/ programs / FloatOperations  . class
                last_modified |-> ( May , 14 , 2014 )
                md5_checksum |-> 673fba049ff2ee9720b541977c568ad1
                compiled_from |-> "FloatOperations.java"
                sourcefile |-> "FloatOperations.java"
                minor_version |-> 0
                major_version |-> 51
            </classInfo>
            <staticFields>
                .Map
            </staticFields>
            <env>
                .Map
            </env>
        </class>
    </classes>
    <heap>
        1 |-> object ( FloatOperations , <envStack> ( FloatOperations , <env> 
          .Map </env> ) (   java/ lang / Object  , <env> .Map </env> ) 
          </envStack> )
    </heap>
</t>
