<t>
    <k>
        .K
    </k>
    <crntMethod>
        .K
    </crntMethod>
    <preparation>
        .K
    </preparation>
    <nextRefLoc>
        6
    </nextRefLoc>
    <pc>
        25
    </pc>
    <crntField>
        .K
    </crntField>
    <localVarTblCnt>
        3
    </localVarTblCnt>
    <crntClass>
        .K
    </crntClass>
    <tempOperandStack>
        .List
    </tempOperandStack>
    <envStack>
        .List
    </envStack>
    <stack>
        <crntFrame>
            -1
        </crntFrame>
        <frames>
            .Bag
        </frames>
        <frameStack>
            .Map
        </frameStack>
    </stack>
    <classes>
        <class>
            <classDecl>
                public class FloatArray
            </classDecl>
            <methods>
                <method>
                    <methodDecl>
                        public static void main (java.lang.String[]) ;
                    </methodDecl>
                    <methodNameType>
                        main : ( [  Ljava/ lang  / String ; ) V
                    </methodNameType>
                    <code>
                        <stackMapTbl>
                            .K
                        </stackMapTbl>
                        <lineNoTbl>
                            6 |-> 0
                            7 |-> 4
                            8 |-> 9
                            9 |-> 14
                            11 |-> 19
                            12 |-> 25
                        </lineNoTbl>
                        <methodStmts>
                            0 |-> iconst_3
                            1 |-> newarray float
                            3 |-> astore_1
                            4 |-> aload_1
                            5 |-> iconst_0
                            6 |-> ldc # 2
                            8 |-> fastore
                            9 |-> aload_1
                            10 |-> iconst_1
                            11 |-> ldc # 3
                            13 |-> fastore
                            14 |-> aload_1
                            15 |-> iconst_2
                            16 |-> ldc # 4
                            18 |-> fastore
                            19 |-> aload_1
                            20 |-> iconst_2
                            21 |-> faload
                            22 |-> putstatic # 5
                            25 |-> return
                        </methodStmts>
                        <metaInfo>
                            stack |-> 3
                            locals |-> 2
                            args_size |-> 1
                        </metaInfo>
                        <localVarTbl>
                            0 |-> '`(_,_,_,_`)(0,, 26,, args,, [  Ljava/ lang 
                               / String ;)
                            1 |-> '`(_,_,_,_`)(4,, 22,, a,, [ F)
                        </localVarTbl>
                    </code>
                    <methodFlags>
                        .Set
                    </methodFlags>
                </method>
                <method>
                    <methodDecl>
                        public FloatArray ( ) ;
                    </methodDecl>
                    <methodNameType>
                        FloatArray : ( ) V
                    </methodNameType>
                    <code>
                        <stackMapTbl>
                            .K
                        </stackMapTbl>
                        <lineNoTbl>
                            1 |-> 0
                        </lineNoTbl>
                        <methodStmts>
                            0 |-> aload_0
                            1 |-> invokespecial # 1
                            4 |-> return
                        </methodStmts>
                        <metaInfo>
                            stack |-> 1
                            locals |-> 1
                            args_size |-> 1
                        </metaInfo>
                        <localVarTbl>
                            0 |-> '`(_,_,_,_`)(0,, 5,, this,, LFloatArray ;)
                        </localVarTbl>
                    </code>
                    <methodFlags>
                        .Set
                    </methodFlags>
                </method>
            </methods>
            <fields>
                <field>
                    <fieldDecl>
                        private static float x ;
                    </fieldDecl>
                    <constVal>
                        .K
                    </constVal>
                    <fieldFlags>
                        .Set
                    </fieldFlags>
                </field>
            </fields>
            <cpool>
                <cpoolVals>
                    # 1 |->   java/ lang / Object  . <init> : ( ) V
                    # 2 |-> 1.01e+1
                    # 3 |-> 2.0199999999999999e+1
                    # 4 |-> 3.0300000000000001e+1
                    # 5 |->  FloatArray. x : F 
                    # 6 |-> FloatArray
                    # 7 |->   java/ lang / Object 
                    # 8 |-> x
                    # 9 |-> F
                    # 10 |-> <init>
                    # 11 |-> ( ) V
                    # 12 |-> Code
                    # 13 |-> LineNumberTable
                    # 14 |-> LocalVariableTable
                    # 15 |-> this
                    # 16 |-> LFloatArray ;
                    # 17 |-> main
                    # 18 |-> ( [  Ljava/ lang  / String ; ) V
                    # 19 |-> args
                    # 20 |-> [  Ljava/ lang  / String ;
                    # 21 |-> a
                    # 22 |-> [ F
                    # 23 |-> SourceFile
                    # 24 |->  FloatArray. java 
                    # 25 |-> <init> : ( ) V
                    # 26 |->  x: F 
                    # 27 |-> FloatArray
                    # 28 |->   java/ lang / Object 
                </cpoolVals>
                <cpoolStmts>
                    # 1 |-> Methodref . # 7 . # 25
                    # 2 |-> Float . 10.1f
                    # 3 |-> Float . 20.2f
                    # 4 |-> Float . 30.3f
                    # 5 |-> Fieldref . # 6 . # 26
                    # 6 |-> Class . # 27
                    # 7 |-> Class . # 28
                    # 8 |-> Utf8 . x
                    # 9 |-> Utf8 . F
                    # 10 |-> Utf8 . <init>
                    # 11 |-> Utf8 . ( ) V
                    # 12 |-> Utf8 . Code
                    # 13 |-> Utf8 . LineNumberTable
                    # 14 |-> Utf8 . LocalVariableTable
                    # 15 |-> Utf8 . this
                    # 16 |-> Utf8 . LFloatArray ;
                    # 17 |-> Utf8 . main
                    # 18 |-> Utf8 . ( [  Ljava/ lang  / String ; ) V
                    # 19 |-> Utf8 . args
                    # 20 |-> Utf8 . [  Ljava/ lang  / String ;
                    # 21 |-> Utf8 . a
                    # 22 |-> Utf8 . [ F
                    # 23 |-> Utf8 . SourceFile
                    # 24 |-> Utf8 .  FloatArray. java 
                    # 25 |-> NameAndType . # 10 : # 11
                    # 26 |-> NameAndType . # 8 : # 9
                    # 27 |-> Utf8 . FloatArray
                    # 28 |-> Utf8 .   java/ lang / Object 
                </cpoolStmts>
            </cpool>
            <classFlags>
                SetItem(ACC_PUBLIC)
                SetItem(ACC_PRIVATE)
                SetItem(ACC_STATIC)
                SetItem(ACC_SUPER)
            </classFlags>
            <implMethods>
                SetItem(main : ( [  Ljava/ lang  / String ; ) V)
                SetItem(FloatArray : ( ) V)
            </implMethods>
            <classInfo>
                classfile |-> /    home/ stefan / Projects / jvm  -   
                  semantics/ programs / FloatArray  . class
                last_modified |-> ( Jun , 2 , 2014 )
                md5_checksum |-> 7db759c8ffa78c40d623b6fb5e1cf767
                compiled_from |-> "FloatArray.java"
                sourcefile |-> "FloatArray.java"
                minor_version |-> 0
                major_version |-> 51
            </classInfo>
            <staticFields>
                x |-> 3.0300000000000001e+1
            </staticFields>
            <env>
                .Map
            </env>
        </class>
    </classes>
    <heap>
        1 |-> object ( FloatArray , <envStack> ( FloatArray , <env> .Map 
          </env> ) (   java/ lang / Object  , <env> .Map </env> ) </envStack> 
          )
        2 |-> array ( float , 3 , 3 )
        3 |-> 1.01e+1
        4 |-> 2.0199999999999999e+1
        5 |-> 3.0300000000000001e+1
    </heap>
</t>
