<t>
    <k>
        .K
    </k>
    <crntMethod>
        .K
    </crntMethod>
    <preparation>
        .K
    </preparation>
    <nextRefLoc>
        6
    </nextRefLoc>
    <pc>
        22
    </pc>
    <crntField>
        .K
    </crntField>
    <localVarTblCnt>
        3
    </localVarTblCnt>
    <crntClass>
        .K
    </crntClass>
    <tempOperandStack>
        .List
    </tempOperandStack>
    <envStack>
        .List
    </envStack>
    <stack>
        <crntFrame>
            -1
        </crntFrame>
        <frames>
            .Bag
        </frames>
        <frameStack>
            .Map
        </frameStack>
    </stack>
    <classes>
        <class>
            <classDecl>
                public class IntArray
            </classDecl>
            <methods>
                <method>
                    <methodDecl>
                        public static void main (java.lang.String[]) ;
                    </methodDecl>
                    <methodNameType>
                        main : ( [  Ljava/ lang  / String ; ) V
                    </methodNameType>
                    <code>
                        <stackMapTbl>
                            .K
                        </stackMapTbl>
                        <lineNoTbl>
                            4 |-> 0
                            5 |-> 4
                            6 |-> 10
                            7 |-> 16
                            8 |-> 22
                        </lineNoTbl>
                        <methodStmts>
                            0 |-> iconst_3
                            1 |-> newarray int
                            3 |-> astore_1
                            4 |-> aload_1
                            5 |-> iconst_0
                            6 |-> sipush 1000
                            9 |-> iastore
                            10 |-> aload_1
                            11 |-> iconst_1
                            12 |-> sipush 2000
                            15 |-> iastore
                            16 |-> aload_1
                            17 |-> iconst_2
                            18 |-> sipush 3000
                            21 |-> iastore
                            22 |-> return
                        </methodStmts>
                        <metaInfo>
                            stack |-> 3
                            locals |-> 2
                            args_size |-> 1
                        </metaInfo>
                        <localVarTbl>
                            0 |-> '`(_,_,_,_`)(0,, 23,, args,, [  Ljava/ lang 
                               / String ;)
                            1 |-> '`(_,_,_,_`)(4,, 19,, a,, [ I)
                        </localVarTbl>
                    </code>
                    <methodFlags>
                        .Set
                    </methodFlags>
                </method>
                <method>
                    <methodDecl>
                        public IntArray ( ) ;
                    </methodDecl>
                    <methodNameType>
                        IntArray : ( ) V
                    </methodNameType>
                    <code>
                        <stackMapTbl>
                            .K
                        </stackMapTbl>
                        <lineNoTbl>
                            1 |-> 0
                        </lineNoTbl>
                        <methodStmts>
                            0 |-> aload_0
                            1 |-> invokespecial # 1
                            4 |-> return
                        </methodStmts>
                        <metaInfo>
                            stack |-> 1
                            locals |-> 1
                            args_size |-> 1
                        </metaInfo>
                        <localVarTbl>
                            0 |-> '`(_,_,_,_`)(0,, 5,, this,, LIntArray ;)
                        </localVarTbl>
                    </code>
                    <methodFlags>
                        .Set
                    </methodFlags>
                </method>
            </methods>
            <fields>
                .Bag
            </fields>
            <cpool>
                <cpoolVals>
                    # 1 |->   java/ lang / Object  . <init> : ( ) V
                    # 2 |-> IntArray
                    # 3 |->   java/ lang / Object 
                    # 4 |-> <init>
                    # 5 |-> ( ) V
                    # 6 |-> Code
                    # 7 |-> LineNumberTable
                    # 8 |-> LocalVariableTable
                    # 9 |-> this
                    # 10 |-> LIntArray ;
                    # 11 |-> main
                    # 12 |-> ( [  Ljava/ lang  / String ; ) V
                    # 13 |-> args
                    # 14 |-> [  Ljava/ lang  / String ;
                    # 15 |-> a
                    # 16 |-> [ I
                    # 17 |-> SourceFile
                    # 18 |->  IntArray. java 
                    # 19 |-> <init> : ( ) V
                    # 20 |-> IntArray
                    # 21 |->   java/ lang / Object 
                </cpoolVals>
                <cpoolStmts>
                    # 1 |-> Methodref . # 3 . # 19
                    # 2 |-> Class . # 20
                    # 3 |-> Class . # 21
                    # 4 |-> Utf8 . <init>
                    # 5 |-> Utf8 . ( ) V
                    # 6 |-> Utf8 . Code
                    # 7 |-> Utf8 . LineNumberTable
                    # 8 |-> Utf8 . LocalVariableTable
                    # 9 |-> Utf8 . this
                    # 10 |-> Utf8 . LIntArray ;
                    # 11 |-> Utf8 . main
                    # 12 |-> Utf8 . ( [  Ljava/ lang  / String ; ) V
                    # 13 |-> Utf8 . args
                    # 14 |-> Utf8 . [  Ljava/ lang  / String ;
                    # 15 |-> Utf8 . a
                    # 16 |-> Utf8 . [ I
                    # 17 |-> Utf8 . SourceFile
                    # 18 |-> Utf8 .  IntArray. java 
                    # 19 |-> NameAndType . # 4 : # 5
                    # 20 |-> Utf8 . IntArray
                    # 21 |-> Utf8 .   java/ lang / Object 
                </cpoolStmts>
            </cpool>
            <classFlags>
                SetItem(ACC_PUBLIC)
                SetItem(ACC_STATIC)
                SetItem(ACC_SUPER)
            </classFlags>
            <implMethods>
                SetItem(main : ( [  Ljava/ lang  / String ; ) V)
                SetItem(IntArray : ( ) V)
            </implMethods>
            <classInfo>
                classfile |-> /    home/ stefan / Projects / jvm  -   
                  semantics/ programs / IntArray  . class
                last_modified |-> ( May , 15 , 2014 )
                md5_checksum |-> 8228d9f9a5bc0fd31aa8a23c0236e63d
                compiled_from |-> "IntArray.java"
                sourcefile |-> "IntArray.java"
                minor_version |-> 0
                major_version |-> 51
            </classInfo>
            <staticFields>
                .Map
            </staticFields>
            <env>
                .Map
            </env>
        </class>
    </classes>
    <heap>
        1 |-> object ( IntArray , <envStack> ( IntArray , <env> .Map </env> ) 
          (   java/ lang / Object  , <env> .Map </env> ) </envStack> )
        2 |-> array ( int , 3 , 3 )
        3 |-> 1000
        4 |-> 2000
        5 |-> 3000
    </heap>
</t>
