<t>
    <k>
        .K
    </k>
    <crntMethod>
        .K
    </crntMethod>
    <preparation>
        .K
    </preparation>
    <nextRefLoc>
        9
    </nextRefLoc>
    <pc>
        37
    </pc>
    <crntField>
        .K
    </crntField>
    <localVarTblCnt>
        1
    </localVarTblCnt>
    <crntClass>
        .K
    </crntClass>
    <tempOperandStack>
        .List
    </tempOperandStack>
    <envStack>
        .List
    </envStack>
    <stack>
        <crntFrame>
            -1
        </crntFrame>
        <frames>
            .Bag
        </frames>
        <frameStack>
            .Map
        </frameStack>
    </stack>
    <classes>
        <class>
            <classDecl>
                public class A
            </classDecl>
            <methods>
                <method>
                    <methodDecl>
                        public A ( ) ;
                    </methodDecl>
                    <methodNameType>
                        A : ( ) V
                    </methodNameType>
                    <code>
                        <stackMapTbl>
                            .K
                        </stackMapTbl>
                        <lineNoTbl>
                            3 |-> 4
                            4 |-> 9
                            6 |-> 0
                            8 |-> 14
                        </lineNoTbl>
                        <methodStmts>
                            0 |-> aload_0
                            1 |-> invokespecial # 1
                            4 |-> aload_0
                            5 |-> iconst_1
                            6 |-> putfield # 2
                            9 |-> aload_0
                            10 |-> iconst_2
                            11 |-> putfield # 3
                            14 |-> return
                        </methodStmts>
                        <metaInfo>
                            stack |-> 2
                            locals |-> 1
                            args_size |-> 1
                        </metaInfo>
                        <localVarTbl>
                            0 |-> '`(_,_,_,_`)(0,, 15,, this,, LA ;)
                        </localVarTbl>
                    </code>
                    <methodFlags>
                        .Set
                    </methodFlags>
                </method>
            </methods>
            <fields>
                <field>
                    <fieldDecl>
                        private int a2 ;
                    </fieldDecl>
                    <constVal>
                        .K
                    </constVal>
                    <fieldFlags>
                        .Set
                    </fieldFlags>
                </field>
                <field>
                    <fieldDecl>
                        public int a1 ;
                    </fieldDecl>
                    <constVal>
                        .K
                    </constVal>
                    <fieldFlags>
                        .Set
                    </fieldFlags>
                </field>
            </fields>
            <cpool>
                <cpoolVals>
                    # 1 |->   java/ lang / Object  . <init> : ( ) V
                    # 2 |->  A. a1 : I 
                    # 3 |->  A. a2 : I 
                    # 4 |-> A
                    # 5 |->   java/ lang / Object 
                    # 6 |-> a1
                    # 7 |-> I
                    # 8 |-> a2
                    # 9 |-> <init>
                    # 10 |-> ( ) V
                    # 11 |-> Code
                    # 12 |-> LineNumberTable
                    # 13 |-> LocalVariableTable
                    # 14 |-> this
                    # 15 |-> LA ;
                    # 16 |-> SourceFile
                    # 17 |->  A. java 
                    # 18 |-> <init> : ( ) V
                    # 19 |->  a1: I 
                    # 20 |->  a2: I 
                    # 21 |-> A
                    # 22 |->   java/ lang / Object 
                </cpoolVals>
                <cpoolStmts>
                    # 1 |-> Methodref . # 5 . # 18
                    # 2 |-> Fieldref . # 4 . # 19
                    # 3 |-> Fieldref . # 4 . # 20
                    # 4 |-> Class . # 21
                    # 5 |-> Class . # 22
                    # 6 |-> Utf8 . a1
                    # 7 |-> Utf8 . I
                    # 8 |-> Utf8 . a2
                    # 9 |-> Utf8 . <init>
                    # 10 |-> Utf8 . ( ) V
                    # 11 |-> Utf8 . Code
                    # 12 |-> Utf8 . LineNumberTable
                    # 13 |-> Utf8 . LocalVariableTable
                    # 14 |-> Utf8 . this
                    # 15 |-> Utf8 . LA ;
                    # 16 |-> Utf8 . SourceFile
                    # 17 |-> Utf8 .  A. java 
                    # 18 |-> NameAndType . # 9 : # 10
                    # 19 |-> NameAndType . # 6 : # 7
                    # 20 |-> NameAndType . # 8 : # 7
                    # 21 |-> Utf8 . A
                    # 22 |-> Utf8 .   java/ lang / Object 
                </cpoolStmts>
            </cpool>
            <classFlags>
                SetItem(ACC_PUBLIC)
                SetItem(ACC_PRIVATE)
                SetItem(ACC_SUPER)
            </classFlags>
            <implMethods>
                SetItem(A : ( ) V)
            </implMethods>
            <classInfo>
                classfile |-> /    home/ stefan / Projects / jvm  -   
                  semantics/ programs / A  . class
                last_modified |-> ( May , 14 , 2014 )
                md5_checksum |-> 365317d31d7cebd5294d09eebbb07135
                compiled_from |-> "A.java"
                sourcefile |-> "A.java"
                minor_version |-> 0
                major_version |-> 51
            </classInfo>
            <staticFields>
                .Map
            </staticFields>
            <env>
                a1 |-> undefined
                a2 |-> undefined
            </env>
        </class>
        <class>
            <classDecl>
                public class IntArray2
            </classDecl>
            <methods>
                <method>
                    <methodDecl>
                        public static void main (java.lang.String[]) ;
                    </methodDecl>
                    <methodNameType>
                        main : ( [  Ljava/ lang  / String ; ) V
                    </methodNameType>
                    <code>
                        <stackMapTbl>
                            .K
                        </stackMapTbl>
                        <lineNoTbl>
                            4 |-> 0
                            6 |-> 8
                            7 |-> 12
                            8 |-> 18
                            9 |-> 24
                            11 |-> 30
                            12 |-> 37
                        </lineNoTbl>
                        <methodStmts>
                            0 |-> new # 2
                            3 |-> dup
                            4 |-> invokespecial # 3
                            7 |-> astore_1
                            8 |-> iconst_3
                            9 |-> newarray int
                            11 |-> astore_2
                            12 |-> aload_2
                            13 |-> iconst_0
                            14 |-> sipush 1000
                            17 |-> iastore
                            18 |-> aload_2
                            19 |-> iconst_1
                            20 |-> sipush 2000
                            23 |-> iastore
                            24 |-> aload_2
                            25 |-> iconst_2
                            26 |-> sipush 3000
                            29 |-> iastore
                            30 |-> aload_1
                            31 |-> aload_2
                            32 |-> iconst_1
                            33 |-> iaload
                            34 |-> putfield # 4
                            37 |-> return
                        </methodStmts>
                        <metaInfo>
                            stack |-> 3
                            locals |-> 3
                            args_size |-> 1
                        </metaInfo>
                        <localVarTbl>
                            0 |-> '`(_,_,_,_`)(0,, 38,, args,, [  Ljava/ lang 
                               / String ;)
                            1 |-> '`(_,_,_,_`)(8,, 30,, myA,, LA ;)
                            2 |-> '`(_,_,_,_`)(12,, 26,, a,, [ I)
                        </localVarTbl>
                    </code>
                    <methodFlags>
                        .Set
                    </methodFlags>
                </method>
                <method>
                    <methodDecl>
                        public IntArray2 ( ) ;
                    </methodDecl>
                    <methodNameType>
                        IntArray2 : ( ) V
                    </methodNameType>
                    <code>
                        <stackMapTbl>
                            .K
                        </stackMapTbl>
                        <lineNoTbl>
                            1 |-> 0
                        </lineNoTbl>
                        <methodStmts>
                            0 |-> aload_0
                            1 |-> invokespecial # 1
                            4 |-> return
                        </methodStmts>
                        <metaInfo>
                            stack |-> 1
                            locals |-> 1
                            args_size |-> 1
                        </metaInfo>
                        <localVarTbl>
                            0 |-> '`(_,_,_,_`)(0,, 5,, this,, LIntArray2 ;)
                        </localVarTbl>
                    </code>
                    <methodFlags>
                        .Set
                    </methodFlags>
                </method>
            </methods>
            <fields>
                .Bag
            </fields>
            <cpool>
                <cpoolVals>
                    # 1 |->   java/ lang / Object  . <init> : ( ) V
                    # 2 |-> A
                    # 3 |->  A. <init> : ( ) V 
                    # 4 |->  A. a1 : I 
                    # 5 |-> IntArray2
                    # 6 |->   java/ lang / Object 
                    # 7 |-> <init>
                    # 8 |-> ( ) V
                    # 9 |-> Code
                    # 10 |-> LineNumberTable
                    # 11 |-> LocalVariableTable
                    # 12 |-> this
                    # 13 |-> LIntArray2 ;
                    # 14 |-> main
                    # 15 |-> ( [  Ljava/ lang  / String ; ) V
                    # 16 |-> args
                    # 17 |-> [  Ljava/ lang  / String ;
                    # 18 |-> myA
                    # 19 |-> LA ;
                    # 20 |-> a
                    # 21 |-> [ I
                    # 22 |-> SourceFile
                    # 23 |->  IntArray2. java 
                    # 24 |-> <init> : ( ) V
                    # 25 |-> A
                    # 26 |->  a1: I 
                    # 27 |-> IntArray2
                    # 28 |->   java/ lang / Object 
                    # 29 |-> a1
                    # 30 |-> I
                </cpoolVals>
                <cpoolStmts>
                    # 1 |-> Methodref . # 6 . # 24
                    # 2 |-> Class . # 25
                    # 3 |-> Methodref . # 2 . # 24
                    # 4 |-> Fieldref . # 2 . # 26
                    # 5 |-> Class . # 27
                    # 6 |-> Class . # 28
                    # 7 |-> Utf8 . <init>
                    # 8 |-> Utf8 . ( ) V
                    # 9 |-> Utf8 . Code
                    # 10 |-> Utf8 . LineNumberTable
                    # 11 |-> Utf8 . LocalVariableTable
                    # 12 |-> Utf8 . this
                    # 13 |-> Utf8 . LIntArray2 ;
                    # 14 |-> Utf8 . main
                    # 15 |-> Utf8 . ( [  Ljava/ lang  / String ; ) V
                    # 16 |-> Utf8 . args
                    # 17 |-> Utf8 . [  Ljava/ lang  / String ;
                    # 18 |-> Utf8 . myA
                    # 19 |-> Utf8 . LA ;
                    # 20 |-> Utf8 . a
                    # 21 |-> Utf8 . [ I
                    # 22 |-> Utf8 . SourceFile
                    # 23 |-> Utf8 .  IntArray2. java 
                    # 24 |-> NameAndType . # 7 : # 8
                    # 25 |-> Utf8 . A
                    # 26 |-> NameAndType . # 29 : # 30
                    # 27 |-> Utf8 . IntArray2
                    # 28 |-> Utf8 .   java/ lang / Object 
                    # 29 |-> Utf8 . a1
                    # 30 |-> Utf8 . I
                </cpoolStmts>
            </cpool>
            <classFlags>
                SetItem(ACC_PUBLIC)
                SetItem(ACC_STATIC)
                SetItem(ACC_SUPER)
            </classFlags>
            <implMethods>
                SetItem(main : ( [  Ljava/ lang  / String ; ) V)
                SetItem(IntArray2 : ( ) V)
            </implMethods>
            <classInfo>
                classfile |-> /    home/ stefan / Projects / jvm  -   
                  semantics/ programs / IntArray2  . class
                last_modified |-> ( May , 15 , 2014 )
                md5_checksum |-> 5c7a6a7e64b1e13817ff29d8f2dd0cd1
                compiled_from |-> "IntArray2.java"
                sourcefile |-> "IntArray2.java"
                minor_version |-> 0
                major_version |-> 51
            </classInfo>
            <staticFields>
                .Map
            </staticFields>
            <env>
                .Map
            </env>
        </class>
    </classes>
    <heap>
        1 |-> object ( IntArray2 , <envStack> ( IntArray2 , <env> .Map </env> 
          ) (   java/ lang / Object  , <env> .Map </env> ) </envStack> )
        2 |-> object ( A , <envStack> ( A , <env> a1 |-> 3 a2 |-> 4 </env> ) (
             java/ lang / Object  , <env> .Map </env> ) </envStack> )
        3 |-> 2000
        4 |-> 2
        5 |-> array ( int , 6 , 3 )
        6 |-> 1000
        7 |-> 2000
        8 |-> 3000
    </heap>
</t>
