<t>
    <k>
        .K
    </k>
    <crntMethod>
        .K
    </crntMethod>
    <preparation>
        .K
    </preparation>
    <nextRefLoc>
        2
    </nextRefLoc>
    <pc>
        47
    </pc>
    <crntField>
        .K
    </crntField>
    <localVarTblCnt>
        2
    </localVarTblCnt>
    <crntClass>
        .K
    </crntClass>
    <tempOperandStack>
        .List
    </tempOperandStack>
    <envStack>
        .List
    </envStack>
    <stack>
        <crntFrame>
            -1
        </crntFrame>
        <frames>
            .Bag
        </frames>
        <frameStack>
            .Map
        </frameStack>
    </stack>
    <classes>
        <class>
            <classDecl>
                public class IntTypeConversion
            </classDecl>
            <methods>
                <method>
                    <methodDecl>
                        public static void main (java.lang.String[]) ;
                    </methodDecl>
                    <methodNameType>
                        main : ( [  Ljava/ lang  / String ; ) V
                    </methodNameType>
                    <code>
                        <stackMapTbl>
                            .K
                        </stackMapTbl>
                        <lineNoTbl>
                            12 |-> 0
                            13 |-> 5
                            14 |-> 12
                            15 |-> 19
                            16 |-> 26
                            17 |-> 33
                            18 |-> 40
                            19 |-> 47
                        </lineNoTbl>
                        <methodStmts>
                            0 |-> ldc # 2
                            2 |-> putstatic # 3
                            5 |-> getstatic # 3
                            8 |-> i2l
                            9 |-> putstatic # 4
                            12 |-> getstatic # 3
                            15 |-> i2f
                            16 |-> putstatic # 5
                            19 |-> getstatic # 3
                            22 |-> i2d
                            23 |-> putstatic # 6
                            26 |-> getstatic # 3
                            29 |-> i2b
                            30 |-> putstatic # 7
                            33 |-> getstatic # 3
                            36 |-> i2c
                            37 |-> putstatic # 8
                            40 |-> getstatic # 3
                            43 |-> i2s
                            44 |-> putstatic # 9
                            47 |-> return
                        </methodStmts>
                        <metaInfo>
                            stack |-> 2
                            locals |-> 1
                            args_size |-> 1
                        </metaInfo>
                        <localVarTbl>
                            0 |-> '`(_,_,_,_`)(0,, 48,, args,, [  Ljava/ lang 
                               / String ;)
                        </localVarTbl>
                    </code>
                    <methodFlags>
                        .Set
                    </methodFlags>
                </method>
                <method>
                    <methodDecl>
                        public IntTypeConversion ( ) ;
                    </methodDecl>
                    <methodNameType>
                        IntTypeConversion : ( ) V
                    </methodNameType>
                    <code>
                        <stackMapTbl>
                            .K
                        </stackMapTbl>
                        <lineNoTbl>
                            1 |-> 0
                        </lineNoTbl>
                        <methodStmts>
                            0 |-> aload_0
                            1 |-> invokespecial # 1
                            4 |-> return
                        </methodStmts>
                        <metaInfo>
                            stack |-> 1
                            locals |-> 1
                            args_size |-> 1
                        </metaInfo>
                        <localVarTbl>
                            0 |-> '`(_,_,_,_`)(0,, 5,, this,, 
                              LIntTypeConversion ;)
                        </localVarTbl>
                    </code>
                    <methodFlags>
                        .Set
                    </methodFlags>
                </method>
            </methods>
            <fields>
                <field>
                    <fieldDecl>
                        public static int a ;
                    </fieldDecl>
                    <constVal>
                        .K
                    </constVal>
                    <fieldFlags>
                        .Set
                    </fieldFlags>
                </field>
                <field>
                    <fieldDecl>
                        public static short g ;
                    </fieldDecl>
                    <constVal>
                        .K
                    </constVal>
                    <fieldFlags>
                        .Set
                    </fieldFlags>
                </field>
                <field>
                    <fieldDecl>
                        public static byte e ;
                    </fieldDecl>
                    <constVal>
                        .K
                    </constVal>
                    <fieldFlags>
                        .Set
                    </fieldFlags>
                </field>
                <field>
                    <fieldDecl>
                        public static char f ;
                    </fieldDecl>
                    <constVal>
                        .K
                    </constVal>
                    <fieldFlags>
                        .Set
                    </fieldFlags>
                </field>
                <field>
                    <fieldDecl>
                        public static float c ;
                    </fieldDecl>
                    <constVal>
                        .K
                    </constVal>
                    <fieldFlags>
                        .Set
                    </fieldFlags>
                </field>
                <field>
                    <fieldDecl>
                        public static double d ;
                    </fieldDecl>
                    <constVal>
                        .K
                    </constVal>
                    <fieldFlags>
                        .Set
                    </fieldFlags>
                </field>
                <field>
                    <fieldDecl>
                        public static long b ;
                    </fieldDecl>
                    <constVal>
                        .K
                    </constVal>
                    <fieldFlags>
                        .Set
                    </fieldFlags>
                </field>
            </fields>
            <cpool>
                <cpoolVals>
                    # 1 |->   java/ lang / Object  . <init> : ( ) V
                    # 2 |-> 100000
                    # 3 |->  IntTypeConversion. a : I 
                    # 4 |->  IntTypeConversion. b : J 
                    # 5 |->  IntTypeConversion. c : F 
                    # 6 |->  IntTypeConversion. d : D 
                    # 7 |->  IntTypeConversion. e : B 
                    # 8 |->  IntTypeConversion. f : C 
                    # 9 |->  IntTypeConversion. g : S 
                    # 10 |-> IntTypeConversion
                    # 11 |->   java/ lang / Object 
                    # 12 |-> a
                    # 13 |-> I
                    # 14 |-> b
                    # 15 |-> J
                    # 16 |-> c
                    # 17 |-> F
                    # 18 |-> d
                    # 19 |-> D
                    # 20 |-> e
                    # 21 |-> B
                    # 22 |-> f
                    # 23 |-> C
                    # 24 |-> g
                    # 25 |-> S
                    # 26 |-> <init>
                    # 27 |-> ( ) V
                    # 28 |-> Code
                    # 29 |-> LineNumberTable
                    # 30 |-> LocalVariableTable
                    # 31 |-> this
                    # 32 |-> LIntTypeConversion ;
                    # 33 |-> main
                    # 34 |-> ( [  Ljava/ lang  / String ; ) V
                    # 35 |-> args
                    # 36 |-> [  Ljava/ lang  / String ;
                    # 37 |-> SourceFile
                    # 38 |->  IntTypeConversion. java 
                    # 39 |-> <init> : ( ) V
                    # 40 |->  a: I 
                    # 41 |->  b: J 
                    # 42 |->  c: F 
                    # 43 |->  d: D 
                    # 44 |->  e: B 
                    # 45 |->  f: C 
                    # 46 |->  g: S 
                    # 47 |-> IntTypeConversion
                    # 48 |->   java/ lang / Object 
                </cpoolVals>
                <cpoolStmts>
                    # 1 |-> Methodref . # 11 . # 39
                    # 2 |-> Integer . 100000
                    # 3 |-> Fieldref . # 10 . # 40
                    # 4 |-> Fieldref . # 10 . # 41
                    # 5 |-> Fieldref . # 10 . # 42
                    # 6 |-> Fieldref . # 10 . # 43
                    # 7 |-> Fieldref . # 10 . # 44
                    # 8 |-> Fieldref . # 10 . # 45
                    # 9 |-> Fieldref . # 10 . # 46
                    # 10 |-> Class . # 47
                    # 11 |-> Class . # 48
                    # 12 |-> Utf8 . a
                    # 13 |-> Utf8 . I
                    # 14 |-> Utf8 . b
                    # 15 |-> Utf8 . J
                    # 16 |-> Utf8 . c
                    # 17 |-> Utf8 . F
                    # 18 |-> Utf8 . d
                    # 19 |-> Utf8 . D
                    # 20 |-> Utf8 . e
                    # 21 |-> Utf8 . B
                    # 22 |-> Utf8 . f
                    # 23 |-> Utf8 . C
                    # 24 |-> Utf8 . g
                    # 25 |-> Utf8 . S
                    # 26 |-> Utf8 . <init>
                    # 27 |-> Utf8 . ( ) V
                    # 28 |-> Utf8 . Code
                    # 29 |-> Utf8 . LineNumberTable
                    # 30 |-> Utf8 . LocalVariableTable
                    # 31 |-> Utf8 . this
                    # 32 |-> Utf8 . LIntTypeConversion ;
                    # 33 |-> Utf8 . main
                    # 34 |-> Utf8 . ( [  Ljava/ lang  / String ; ) V
                    # 35 |-> Utf8 . args
                    # 36 |-> Utf8 . [  Ljava/ lang  / String ;
                    # 37 |-> Utf8 . SourceFile
                    # 38 |-> Utf8 .  IntTypeConversion. java 
                    # 39 |-> NameAndType . # 26 : # 27
                    # 40 |-> NameAndType . # 12 : # 13
                    # 41 |-> NameAndType . # 14 : # 15
                    # 42 |-> NameAndType . # 16 : # 17
                    # 43 |-> NameAndType . # 18 : # 19
                    # 44 |-> NameAndType . # 20 : # 21
                    # 45 |-> NameAndType . # 22 : # 23
                    # 46 |-> NameAndType . # 24 : # 25
                    # 47 |-> Utf8 . IntTypeConversion
                    # 48 |-> Utf8 .   java/ lang / Object 
                </cpoolStmts>
            </cpool>
            <classFlags>
                SetItem(ACC_PUBLIC)
                SetItem(ACC_STATIC)
                SetItem(ACC_SUPER)
            </classFlags>
            <implMethods>
                SetItem(main : ( [  Ljava/ lang  / String ; ) V)
                SetItem(IntTypeConversion : ( ) V)
            </implMethods>
            <classInfo>
                classfile |-> /    home/ stefan / Projects / jvm  -   
                  semantics/ programs / IntTypeConversion  . class
                last_modified |-> ( Jun , 6 , 2014 )
                md5_checksum |-> c56bd32f5f4cb81a674463da45bd79e9
                compiled_from |-> "IntTypeConversion.java"
                sourcefile |-> "IntTypeConversion.java"
                minor_version |-> 0
                major_version |-> 51
            </classInfo>
            <staticFields>
                a |-> 100000
                b |-> 100000
                c |-> 1.0e+5
                d |-> 1.0e+5
                e |-> 160
                f |-> 34464
                g |-> 1699
            </staticFields>
            <env>
                .Map
            </env>
        </class>
    </classes>
    <heap>
        1 |-> object ( IntTypeConversion , <envStack> ( IntTypeConversion , 
          <env> .Map </env> ) (   java/ lang / Object  , <env> .Map </env> ) 
          </envStack> )
    </heap>
</t>
