<t>
    <k>
        runInstruction
    </k>
    <crntMethod>
        .K
    </crntMethod>
    <preparation>
        .K
    </preparation>
    <nextRefLoc>
        5
    </nextRefLoc>
    <pc>
        18
    </pc>
    <crntField>
        .K
    </crntField>
    <localVarTblCnt>
        3
    </localVarTblCnt>
    <crntClass>
        .K
    </crntClass>
    <tempOperandStack>
        .List
    </tempOperandStack>
    <envStack>
        .List
    </envStack>
    <stack>
        <crntFrame>
            -1
        </crntFrame>
        <frames>
            .Bag
        </frames>
        <frameStack>
            .Map
        </frameStack>
    </stack>
    <classes>
        <class>
            <classDecl>
                public class C
            </classDecl>
            <methods>
                <method>
                    <methodDecl>
                        public void m ( int , int ) ;
                    </methodDecl>
                    <methodNameType>
                        m : ( II ) V
                    </methodNameType>
                    <code>
                        <stackMapTbl>
                            .K
                        </stackMapTbl>
                        <lineNoTbl>
                            11 |-> 0
                            12 |-> 5
                            13 |-> 10
                        </lineNoTbl>
                        <methodStmts>
                            0 |-> aload_0
                            1 |-> iload_1
                            2 |-> putfield # 2
                            5 |-> aload_0
                            6 |-> iload_2
                            7 |-> putfield # 3
                            10 |-> return
                        </methodStmts>
                        <metaInfo>
                            stack |-> 2
                            locals |-> 3
                            args_size |-> 3
                        </metaInfo>
                        <localVarTbl>
                            0 |-> '`(_,_,_,_`)(0,, 11,, this,, LC ;)
                            1 |-> '`(_,_,_,_`)(0,, 11,, x,, I)
                            2 |-> '`(_,_,_,_`)(0,, 11,, y,, I)
                        </localVarTbl>
                    </code>
                    <methodFlags>
                        .Set
                    </methodFlags>
                </method>
                <method>
                    <methodDecl>
                        public C ( ) ;
                    </methodDecl>
                    <methodNameType>
                        C : ( ) V
                    </methodNameType>
                    <code>
                        <stackMapTbl>
                            .K
                        </stackMapTbl>
                        <lineNoTbl>
                            3 |-> 4
                            4 |-> 10
                            6 |-> 0
                            8 |-> 17
                        </lineNoTbl>
                        <methodStmts>
                            0 |-> aload_0
                            1 |-> invokespecial # 1
                            4 |-> aload_0
                            5 |-> bipush 100
                            7 |-> putfield # 2
                            10 |-> aload_0
                            11 |-> sipush 200
                            14 |-> putfield # 3
                            17 |-> return
                        </methodStmts>
                        <metaInfo>
                            stack |-> 2
                            locals |-> 1
                            args_size |-> 1
                        </metaInfo>
                        <localVarTbl>
                            0 |-> '`(_,_,_,_`)(0,, 18,, this,, LC ;)
                        </localVarTbl>
                    </code>
                    <methodFlags>
                        .Set
                    </methodFlags>
                </method>
            </methods>
            <fields>
                <field>
                    <fieldDecl>
                        private int c2 ;
                    </fieldDecl>
                    <constVal>
                        .K
                    </constVal>
                    <fieldFlags>
                        .Set
                    </fieldFlags>
                </field>
                <field>
                    <fieldDecl>
                        public int c1 ;
                    </fieldDecl>
                    <constVal>
                        .K
                    </constVal>
                    <fieldFlags>
                        .Set
                    </fieldFlags>
                </field>
            </fields>
            <cpool>
                <cpoolVals>
                    # 1 |->   java/ lang / Object  . <init> : ( ) V
                    # 2 |->  C. c1 : I 
                    # 3 |->  C. c2 : I 
                    # 4 |-> C
                    # 5 |->   java/ lang / Object 
                    # 6 |-> c1
                    # 7 |-> I
                    # 8 |-> c2
                    # 9 |-> <init>
                    # 10 |-> ( ) V
                    # 11 |-> Code
                    # 12 |-> LineNumberTable
                    # 13 |-> LocalVariableTable
                    # 14 |-> this
                    # 15 |-> LC ;
                    # 16 |-> m
                    # 17 |-> ( II ) V
                    # 18 |-> x
                    # 19 |-> y
                    # 20 |-> SourceFile
                    # 21 |->  C. java 
                    # 22 |-> <init> : ( ) V
                    # 23 |->  c1: I 
                    # 24 |->  c2: I 
                    # 25 |-> C
                    # 26 |->   java/ lang / Object 
                </cpoolVals>
                <cpoolStmts>
                    # 1 |-> Methodref . # 5 . # 22
                    # 2 |-> Fieldref . # 4 . # 23
                    # 3 |-> Fieldref . # 4 . # 24
                    # 4 |-> Class . # 25
                    # 5 |-> Class . # 26
                    # 6 |-> Utf8 . c1
                    # 7 |-> Utf8 . I
                    # 8 |-> Utf8 . c2
                    # 9 |-> Utf8 . <init>
                    # 10 |-> Utf8 . ( ) V
                    # 11 |-> Utf8 . Code
                    # 12 |-> Utf8 . LineNumberTable
                    # 13 |-> Utf8 . LocalVariableTable
                    # 14 |-> Utf8 . this
                    # 15 |-> Utf8 . LC ;
                    # 16 |-> Utf8 . m
                    # 17 |-> Utf8 . ( II ) V
                    # 18 |-> Utf8 . x
                    # 19 |-> Utf8 . y
                    # 20 |-> Utf8 . SourceFile
                    # 21 |-> Utf8 .  C. java 
                    # 22 |-> NameAndType . # 9 : # 10
                    # 23 |-> NameAndType . # 6 : # 7
                    # 24 |-> NameAndType . # 8 : # 7
                    # 25 |-> Utf8 . C
                    # 26 |-> Utf8 .   java/ lang / Object 
                </cpoolStmts>
            </cpool>
            <classFlags>
                SetItem(ACC_PUBLIC)
                SetItem(ACC_PRIVATE)
                SetItem(ACC_SUPER)
            </classFlags>
            <implMethods>
                SetItem(C : ( ) V)
                SetItem(m : ( II ) V)
            </implMethods>
            <classInfo>
                classfile |-> /    home/ stefan / Projects / jvm  -   
                  semantics/ programs / C  . class
                last_modified |-> ( May , 14 , 2014 )
                md5_checksum |-> 5c72cb53643a8e0bad43ae2e9122b855
                compiled_from |-> "C.java"
                sourcefile |-> "C.java"
                minor_version |-> 0
                major_version |-> 51
            </classInfo>
            <staticFields>
                .Map
            </staticFields>
            <env>
                c1 |-> undefined
                c2 |-> undefined
            </env>
        </class>
        <class>
            <classDecl>
                public class MethodCall
            </classDecl>
            <methods>
                <method>
                    <methodDecl>
                        public static void main (java.lang.String[]) ;
                    </methodDecl>
                    <methodNameType>
                        main : ( [  Ljava/ lang  / String ; ) V
                    </methodNameType>
                    <code>
                        <stackMapTbl>
                            .K
                        </stackMapTbl>
                        <lineNoTbl>
                            4 |-> 0
                            5 |-> 8
                            6 |-> 18
                        </lineNoTbl>
                        <methodStmts>
                            0 |-> new # 2
                            3 |-> dup
                            4 |-> invokespecial # 3
                            7 |-> astore_1
                            8 |-> aload_1
                            9 |-> sipush 1000
                            12 |-> sipush 2000
                            15 |-> invokevirtual # 4
                            18 |-> return
                        </methodStmts>
                        <metaInfo>
                            stack |-> 3
                            locals |-> 2
                            args_size |-> 1
                        </metaInfo>
                        <localVarTbl>
                            0 |-> '`(_,_,_,_`)(0,, 19,, args,, [  Ljava/ lang 
                               / String ;)
                            1 |-> '`(_,_,_,_`)(8,, 11,, myC,, LC ;)
                        </localVarTbl>
                    </code>
                    <methodFlags>
                        .Set
                    </methodFlags>
                </method>
                <method>
                    <methodDecl>
                        public MethodCall ( ) ;
                    </methodDecl>
                    <methodNameType>
                        MethodCall : ( ) V
                    </methodNameType>
                    <code>
                        <stackMapTbl>
                            .K
                        </stackMapTbl>
                        <lineNoTbl>
                            1 |-> 0
                        </lineNoTbl>
                        <methodStmts>
                            0 |-> aload_0
                            1 |-> invokespecial # 1
                            4 |-> return
                        </methodStmts>
                        <metaInfo>
                            stack |-> 1
                            locals |-> 1
                            args_size |-> 1
                        </metaInfo>
                        <localVarTbl>
                            0 |-> '`(_,_,_,_`)(0,, 5,, this,, LMethodCall ;)
                        </localVarTbl>
                    </code>
                    <methodFlags>
                        .Set
                    </methodFlags>
                </method>
            </methods>
            <fields>
                .Bag
            </fields>
            <cpool>
                <cpoolVals>
                    # 1 |->   java/ lang / Object  . <init> : ( ) V
                    # 2 |-> C
                    # 3 |->  C. <init> : ( ) V 
                    # 4 |->  C. m : ( II ) V 
                    # 5 |-> MethodCall
                    # 6 |->   java/ lang / Object 
                    # 7 |-> <init>
                    # 8 |-> ( ) V
                    # 9 |-> Code
                    # 10 |-> LineNumberTable
                    # 11 |-> LocalVariableTable
                    # 12 |-> this
                    # 13 |-> LMethodCall ;
                    # 14 |-> main
                    # 15 |-> ( [  Ljava/ lang  / String ; ) V
                    # 16 |-> args
                    # 17 |-> [  Ljava/ lang  / String ;
                    # 18 |-> myC
                    # 19 |-> LC ;
                    # 20 |-> SourceFile
                    # 21 |->  MethodCall. java 
                    # 22 |-> <init> : ( ) V
                    # 23 |-> C
                    # 24 |-> m : ( II ) V
                    # 25 |-> MethodCall
                    # 26 |->   java/ lang / Object 
                    # 27 |-> m
                    # 28 |-> ( II ) V
                </cpoolVals>
                <cpoolStmts>
                    # 1 |-> Methodref . # 6 . # 22
                    # 2 |-> Class . # 23
                    # 3 |-> Methodref . # 2 . # 22
                    # 4 |-> Methodref . # 2 . # 24
                    # 5 |-> Class . # 25
                    # 6 |-> Class . # 26
                    # 7 |-> Utf8 . <init>
                    # 8 |-> Utf8 . ( ) V
                    # 9 |-> Utf8 . Code
                    # 10 |-> Utf8 . LineNumberTable
                    # 11 |-> Utf8 . LocalVariableTable
                    # 12 |-> Utf8 . this
                    # 13 |-> Utf8 . LMethodCall ;
                    # 14 |-> Utf8 . main
                    # 15 |-> Utf8 . ( [  Ljava/ lang  / String ; ) V
                    # 16 |-> Utf8 . args
                    # 17 |-> Utf8 . [  Ljava/ lang  / String ;
                    # 18 |-> Utf8 . myC
                    # 19 |-> Utf8 . LC ;
                    # 20 |-> Utf8 . SourceFile
                    # 21 |-> Utf8 .  MethodCall. java 
                    # 22 |-> NameAndType . # 7 : # 8
                    # 23 |-> Utf8 . C
                    # 24 |-> NameAndType . # 27 : # 28
                    # 25 |-> Utf8 . MethodCall
                    # 26 |-> Utf8 .   java/ lang / Object 
                    # 27 |-> Utf8 . m
                    # 28 |-> Utf8 . ( II ) V
                </cpoolStmts>
            </cpool>
            <classFlags>
                SetItem(ACC_PUBLIC)
                SetItem(ACC_STATIC)
                SetItem(ACC_SUPER)
            </classFlags>
            <implMethods>
                SetItem(main : ( [  Ljava/ lang  / String ; ) V)
                SetItem(MethodCall : ( ) V)
            </implMethods>
            <classInfo>
                classfile |-> /    home/ stefan / Projects / jvm  -   
                  semantics/ programs / MethodCall  . class
                last_modified |-> ( May , 14 , 2014 )
                md5_checksum |-> 5e462b705b4e1ac3a553357678c7c49a
                compiled_from |-> "MethodCall.java"
                sourcefile |-> "MethodCall.java"
                minor_version |-> 0
                major_version |-> 51
            </classInfo>
            <staticFields>
                .Map
            </staticFields>
            <env>
                .Map
            </env>
        </class>
    </classes>
    <heap>
        1 |-> object ( MethodCall , <envStack> ( MethodCall , <env> .Map 
          </env> ) (   java/ lang / Object  , <env> .Map </env> ) </envStack> 
          )
        2 |-> object ( C , <envStack> ( C , <env> c1 |-> 3 c2 |-> 4 </env> ) (
             java/ lang / Object  , <env> .Map </env> ) </envStack> )
        3 |-> 1000
        4 |-> 2000
    </heap>
</t>
