<t>
    <k>
        .K
    </k>
    <crntMethod>
        .K
    </crntMethod>
    <preparation>
        .K
    </preparation>
    <nextRefLoc>
        8
    </nextRefLoc>
    <pc>
        36
    </pc>
    <crntField>
        .K
    </crntField>
    <localVarTblCnt>
        1
    </localVarTblCnt>
    <crntClass>
        .K
    </crntClass>
    <tempOperandStack>
        .List
    </tempOperandStack>
    <envStack>
        .List
    </envStack>
    <stack>
        <crntFrame>
            -1
        </crntFrame>
        <frames>
            .Bag
        </frames>
        <frameStack>
            .Map
        </frameStack>
    </stack>
    <classes>
        <class>
            <classDecl>
                public class A
            </classDecl>
            <methods>
                <method>
                    <methodDecl>
                        public A ( ) ;
                    </methodDecl>
                    <methodNameType>
                        A : ( ) V
                    </methodNameType>
                    <code>
                        <stackMapTbl>
                            .K
                        </stackMapTbl>
                        <lineNoTbl>
                            3 |-> 4
                            4 |-> 9
                            6 |-> 0
                            8 |-> 14
                        </lineNoTbl>
                        <methodStmts>
                            0 |-> aload_0
                            1 |-> invokespecial # 1
                            4 |-> aload_0
                            5 |-> iconst_1
                            6 |-> putfield # 2
                            9 |-> aload_0
                            10 |-> iconst_2
                            11 |-> putfield # 3
                            14 |-> return
                        </methodStmts>
                        <metaInfo>
                            stack |-> 2
                            locals |-> 1
                            args_size |-> 1
                        </metaInfo>
                        <localVarTbl>
                            0 |-> '`(_,_,_,_`)(0,, 15,, this,, LA ;)
                        </localVarTbl>
                    </code>
                    <methodFlags>
                        .Set
                    </methodFlags>
                </method>
            </methods>
            <fields>
                <field>
                    <fieldDecl>
                        private int a2 ;
                    </fieldDecl>
                    <constVal>
                        .K
                    </constVal>
                    <fieldFlags>
                        .Set
                    </fieldFlags>
                </field>
                <field>
                    <fieldDecl>
                        public int a1 ;
                    </fieldDecl>
                    <constVal>
                        .K
                    </constVal>
                    <fieldFlags>
                        .Set
                    </fieldFlags>
                </field>
            </fields>
            <cpool>
                <cpoolVals>
                    # 1 |->   java/ lang / Object  . <init> : ( ) V
                    # 2 |->  A. a1 : I 
                    # 3 |->  A. a2 : I 
                    # 4 |-> A
                    # 5 |->   java/ lang / Object 
                    # 6 |-> a1
                    # 7 |-> I
                    # 8 |-> a2
                    # 9 |-> <init>
                    # 10 |-> ( ) V
                    # 11 |-> Code
                    # 12 |-> LineNumberTable
                    # 13 |-> LocalVariableTable
                    # 14 |-> this
                    # 15 |-> LA ;
                    # 16 |-> SourceFile
                    # 17 |->  A. java 
                    # 18 |-> <init> : ( ) V
                    # 19 |->  a1: I 
                    # 20 |->  a2: I 
                    # 21 |-> A
                    # 22 |->   java/ lang / Object 
                </cpoolVals>
                <cpoolStmts>
                    # 1 |-> Methodref . # 5 . # 18
                    # 2 |-> Fieldref . # 4 . # 19
                    # 3 |-> Fieldref . # 4 . # 20
                    # 4 |-> Class . # 21
                    # 5 |-> Class . # 22
                    # 6 |-> Utf8 . a1
                    # 7 |-> Utf8 . I
                    # 8 |-> Utf8 . a2
                    # 9 |-> Utf8 . <init>
                    # 10 |-> Utf8 . ( ) V
                    # 11 |-> Utf8 . Code
                    # 12 |-> Utf8 . LineNumberTable
                    # 13 |-> Utf8 . LocalVariableTable
                    # 14 |-> Utf8 . this
                    # 15 |-> Utf8 . LA ;
                    # 16 |-> Utf8 . SourceFile
                    # 17 |-> Utf8 .  A. java 
                    # 18 |-> NameAndType . # 9 : # 10
                    # 19 |-> NameAndType . # 6 : # 7
                    # 20 |-> NameAndType . # 8 : # 7
                    # 21 |-> Utf8 . A
                    # 22 |-> Utf8 .   java/ lang / Object 
                </cpoolStmts>
            </cpool>
            <classFlags>
                SetItem(ACC_PUBLIC)
                SetItem(ACC_PRIVATE)
                SetItem(ACC_SUPER)
            </classFlags>
            <implMethods>
                SetItem(A : ( ) V)
            </implMethods>
            <classInfo>
                classfile |-> /    home/ stefan / Projects / jvm  -   
                  semantics/ programs / A  . class
                last_modified |-> ( May , 15 , 2014 )
                md5_checksum |-> 365317d31d7cebd5294d09eebbb07135
                compiled_from |-> "A.java"
                sourcefile |-> "A.java"
                minor_version |-> 0
                major_version |-> 51
            </classInfo>
            <staticFields>
                .Map
            </staticFields>
            <env>
                a1 |-> undefined
                a2 |-> undefined
            </env>
        </class>
        <class>
            <classDecl>
                public class ReferenceComparison
            </classDecl>
            <methods>
                <method>
                    <methodDecl>
                        public static void main (java.lang.String[]) ;
                    </methodDecl>
                    <methodNameType>
                        main : ( [  Ljava/ lang  / String ; ) V
                    </methodNameType>
                    <code>
                        <stackMapTbl>
                            number_of_entries = 2 frame_type = 253 
                              offset_delta = 25 locals = [ 'class_(A), 'class_
                              (A) ] frame_type = 10
                        </stackMapTbl>
                        <lineNoTbl>
                            7 |-> 0
                            8 |-> 8
                            10 |-> 16
                            11 |-> 21
                            14 |-> 25
                            16 |-> 27
                            17 |-> 32
                            19 |-> 36
                        </lineNoTbl>
                        <methodStmts>
                            0 |-> new # 2
                            3 |-> dup
                            4 |-> invokespecial # 3
                            7 |-> astore_1
                            8 |-> new # 2
                            11 |-> dup
                            12 |-> invokespecial # 3
                            15 |-> astore_2
                            16 |-> aload_1
                            17 |-> aload_2
                            18 |-> if_acmpeq 25
                            21 |-> iconst_1
                            22 |-> putstatic # 4
                            25 |-> aload_1
                            26 |-> astore_2
                            27 |-> aload_1
                            28 |-> aload_2
                            29 |-> if_acmpne 36
                            32 |-> iconst_2
                            33 |-> putstatic # 5
                            36 |-> return
                        </methodStmts>
                        <metaInfo>
                            stack |-> 2
                            locals |-> 3
                            args_size |-> 1
                        </metaInfo>
                        <localVarTbl>
                            0 |-> '`(_,_,_,_`)(0,, 37,, args,, [  Ljava/ lang 
                               / String ;)
                            1 |-> '`(_,_,_,_`)(8,, 29,, a1,, LA ;)
                            2 |-> '`(_,_,_,_`)(16,, 21,, a2,, LA ;)
                        </localVarTbl>
                    </code>
                    <methodFlags>
                        .Set
                    </methodFlags>
                </method>
                <method>
                    <methodDecl>
                        public ReferenceComparison ( ) ;
                    </methodDecl>
                    <methodNameType>
                        ReferenceComparison : ( ) V
                    </methodNameType>
                    <code>
                        <stackMapTbl>
                            .K
                        </stackMapTbl>
                        <lineNoTbl>
                            1 |-> 0
                        </lineNoTbl>
                        <methodStmts>
                            0 |-> aload_0
                            1 |-> invokespecial # 1
                            4 |-> return
                        </methodStmts>
                        <metaInfo>
                            stack |-> 1
                            locals |-> 1
                            args_size |-> 1
                        </metaInfo>
                        <localVarTbl>
                            0 |-> '`(_,_,_,_`)(0,, 5,, this,, 
                              LReferenceComparison ;)
                        </localVarTbl>
                    </code>
                    <methodFlags>
                        .Set
                    </methodFlags>
                </method>
            </methods>
            <fields>
                <field>
                    <fieldDecl>
                        public static int x ;
                    </fieldDecl>
                    <constVal>
                        .K
                    </constVal>
                    <fieldFlags>
                        .Set
                    </fieldFlags>
                </field>
                <field>
                    <fieldDecl>
                        public static int y ;
                    </fieldDecl>
                    <constVal>
                        .K
                    </constVal>
                    <fieldFlags>
                        .Set
                    </fieldFlags>
                </field>
            </fields>
            <cpool>
                <cpoolVals>
                    # 1 |->   java/ lang / Object  . <init> : ( ) V
                    # 2 |-> A
                    # 3 |->  A. <init> : ( ) V 
                    # 4 |->  ReferenceComparison. x : I 
                    # 5 |->  ReferenceComparison. y : I 
                    # 6 |-> ReferenceComparison
                    # 7 |->   java/ lang / Object 
                    # 8 |-> x
                    # 9 |-> I
                    # 10 |-> y
                    # 11 |-> <init>
                    # 12 |-> ( ) V
                    # 13 |-> Code
                    # 14 |-> LineNumberTable
                    # 15 |-> LocalVariableTable
                    # 16 |-> this
                    # 17 |-> LReferenceComparison ;
                    # 18 |-> main
                    # 19 |-> ( [  Ljava/ lang  / String ; ) V
                    # 20 |-> args
                    # 21 |-> [  Ljava/ lang  / String ;
                    # 22 |-> a1
                    # 23 |-> LA ;
                    # 24 |-> a2
                    # 25 |-> StackMapTable
                    # 26 |-> A
                    # 27 |-> SourceFile
                    # 28 |->  ReferenceComparison. java 
                    # 29 |-> <init> : ( ) V
                    # 30 |-> A
                    # 31 |->  x: I 
                    # 32 |->  y: I 
                    # 33 |-> ReferenceComparison
                    # 34 |->   java/ lang / Object 
                </cpoolVals>
                <cpoolStmts>
                    # 1 |-> Methodref . # 7 . # 29
                    # 2 |-> Class . # 30
                    # 3 |-> Methodref . # 2 . # 29
                    # 4 |-> Fieldref . # 6 . # 31
                    # 5 |-> Fieldref . # 6 . # 32
                    # 6 |-> Class . # 33
                    # 7 |-> Class . # 34
                    # 8 |-> Utf8 . x
                    # 9 |-> Utf8 . I
                    # 10 |-> Utf8 . y
                    # 11 |-> Utf8 . <init>
                    # 12 |-> Utf8 . ( ) V
                    # 13 |-> Utf8 . Code
                    # 14 |-> Utf8 . LineNumberTable
                    # 15 |-> Utf8 . LocalVariableTable
                    # 16 |-> Utf8 . this
                    # 17 |-> Utf8 . LReferenceComparison ;
                    # 18 |-> Utf8 . main
                    # 19 |-> Utf8 . ( [  Ljava/ lang  / String ; ) V
                    # 20 |-> Utf8 . args
                    # 21 |-> Utf8 . [  Ljava/ lang  / String ;
                    # 22 |-> Utf8 . a1
                    # 23 |-> Utf8 . LA ;
                    # 24 |-> Utf8 . a2
                    # 25 |-> Utf8 . StackMapTable
                    # 26 |-> Class . # 30
                    # 27 |-> Utf8 . SourceFile
                    # 28 |-> Utf8 .  ReferenceComparison. java 
                    # 29 |-> NameAndType . # 11 : # 12
                    # 30 |-> Utf8 . A
                    # 31 |-> NameAndType . # 8 : # 9
                    # 32 |-> NameAndType . # 10 : # 9
                    # 33 |-> Utf8 . ReferenceComparison
                    # 34 |-> Utf8 .   java/ lang / Object 
                </cpoolStmts>
            </cpool>
            <classFlags>
                SetItem(ACC_PUBLIC)
                SetItem(ACC_STATIC)
                SetItem(ACC_SUPER)
            </classFlags>
            <implMethods>
                SetItem(main : ( [  Ljava/ lang  / String ; ) V)
                SetItem(ReferenceComparison : ( ) V)
            </implMethods>
            <classInfo>
                classfile |-> /    home/ stefan / Projects / jvm  -   
                  semantics/ programs / ReferenceComparison  . class
                last_modified |-> ( Jun , 7 , 2014 )
                md5_checksum |-> d74c8f0c4bc4bd4bad0fbae996cfae3f
                compiled_from |-> "ReferenceComparison.java"
                sourcefile |-> "ReferenceComparison.java"
                minor_version |-> 0
                major_version |-> 51
            </classInfo>
            <staticFields>
                x |-> 1
                y |-> 2
            </staticFields>
            <env>
                .Map
            </env>
        </class>
    </classes>
    <heap>
        1 |-> object ( ReferenceComparison , <envStack> ( ReferenceComparison 
          , <env> .Map </env> ) (   java/ lang / Object  , <env> .Map </env> )
           </envStack> )
        2 |-> object ( A , <envStack> ( A , <env> a1 |-> 3 a2 |-> 4 </env> ) (
             java/ lang / Object  , <env> .Map </env> ) </envStack> )
        3 |-> 1
        4 |-> 2
        5 |-> object ( A , <envStack> ( A , <env> a1 |-> 6 a2 |-> 7 </env> ) (
             java/ lang / Object  , <env> .Map </env> ) </envStack> )
        6 |-> 1
        7 |-> 2
    </heap>
</t>
