<t>
    <k>
        .K
    </k>
    <crntMethod>
        .K
    </crntMethod>
    <preparation>
        .K
    </preparation>
    <nextRefLoc>
        6
    </nextRefLoc>
    <pc>
        19
    </pc>
    <crntField>
        .K
    </crntField>
    <localVarTblCnt>
        3
    </localVarTblCnt>
    <crntClass>
        .K
    </crntClass>
    <tempOperandStack>
        .List
    </tempOperandStack>
    <envStack>
        .List
    </envStack>
    <stack>
        <crntFrame>
            -1
        </crntFrame>
        <frames>
            .Bag
        </frames>
        <frameStack>
            .Map
        </frameStack>
    </stack>
    <classes>
        <class>
            <classDecl>
                public class ShortArray
            </classDecl>
            <methods>
                <method>
                    <methodDecl>
                        public static void main (java.lang.String[]) ;
                    </methodDecl>
                    <methodNameType>
                        main : ( [  Ljava/ lang  / String ; ) V
                    </methodNameType>
                    <code>
                        <stackMapTbl>
                            .K
                        </stackMapTbl>
                        <lineNoTbl>
                            4 |-> 0
                            5 |-> 4
                            6 |-> 9
                            7 |-> 14
                            8 |-> 19
                        </lineNoTbl>
                        <methodStmts>
                            0 |-> iconst_3
                            1 |-> newarray short
                            3 |-> astore_1
                            4 |-> aload_1
                            5 |-> iconst_0
                            6 |-> bipush 10
                            8 |-> sastore
                            9 |-> aload_1
                            10 |-> iconst_1
                            11 |-> bipush 20
                            13 |-> sastore
                            14 |-> aload_1
                            15 |-> iconst_2
                            16 |-> bipush 30
                            18 |-> sastore
                            19 |-> return
                        </methodStmts>
                        <metaInfo>
                            stack |-> 3
                            locals |-> 2
                            args_size |-> 1
                        </metaInfo>
                        <localVarTbl>
                            0 |-> '`(_,_,_,_`)(0,, 20,, args,, [  Ljava/ lang 
                               / String ;)
                            1 |-> '`(_,_,_,_`)(4,, 16,, a,, [ S)
                        </localVarTbl>
                    </code>
                    <methodFlags>
                        .Set
                    </methodFlags>
                </method>
                <method>
                    <methodDecl>
                        public ShortArray ( ) ;
                    </methodDecl>
                    <methodNameType>
                        ShortArray : ( ) V
                    </methodNameType>
                    <code>
                        <stackMapTbl>
                            .K
                        </stackMapTbl>
                        <lineNoTbl>
                            1 |-> 0
                        </lineNoTbl>
                        <methodStmts>
                            0 |-> aload_0
                            1 |-> invokespecial # 1
                            4 |-> return
                        </methodStmts>
                        <metaInfo>
                            stack |-> 1
                            locals |-> 1
                            args_size |-> 1
                        </metaInfo>
                        <localVarTbl>
                            0 |-> '`(_,_,_,_`)(0,, 5,, this,, LShortArray ;)
                        </localVarTbl>
                    </code>
                    <methodFlags>
                        .Set
                    </methodFlags>
                </method>
            </methods>
            <fields>
                .Bag
            </fields>
            <cpool>
                <cpoolVals>
                    # 1 |->   java/ lang / Object  . <init> : ( ) V
                    # 2 |-> ShortArray
                    # 3 |->   java/ lang / Object 
                    # 4 |-> <init>
                    # 5 |-> ( ) V
                    # 6 |-> Code
                    # 7 |-> LineNumberTable
                    # 8 |-> LocalVariableTable
                    # 9 |-> this
                    # 10 |-> LShortArray ;
                    # 11 |-> main
                    # 12 |-> ( [  Ljava/ lang  / String ; ) V
                    # 13 |-> args
                    # 14 |-> [  Ljava/ lang  / String ;
                    # 15 |-> a
                    # 16 |-> [ S
                    # 17 |-> SourceFile
                    # 18 |->  ShortArray. java 
                    # 19 |-> <init> : ( ) V
                    # 20 |-> ShortArray
                    # 21 |->   java/ lang / Object 
                </cpoolVals>
                <cpoolStmts>
                    # 1 |-> Methodref . # 3 . # 19
                    # 2 |-> Class . # 20
                    # 3 |-> Class . # 21
                    # 4 |-> Utf8 . <init>
                    # 5 |-> Utf8 . ( ) V
                    # 6 |-> Utf8 . Code
                    # 7 |-> Utf8 . LineNumberTable
                    # 8 |-> Utf8 . LocalVariableTable
                    # 9 |-> Utf8 . this
                    # 10 |-> Utf8 . LShortArray ;
                    # 11 |-> Utf8 . main
                    # 12 |-> Utf8 . ( [  Ljava/ lang  / String ; ) V
                    # 13 |-> Utf8 . args
                    # 14 |-> Utf8 . [  Ljava/ lang  / String ;
                    # 15 |-> Utf8 . a
                    # 16 |-> Utf8 . [ S
                    # 17 |-> Utf8 . SourceFile
                    # 18 |-> Utf8 .  ShortArray. java 
                    # 19 |-> NameAndType . # 4 : # 5
                    # 20 |-> Utf8 . ShortArray
                    # 21 |-> Utf8 .   java/ lang / Object 
                </cpoolStmts>
            </cpool>
            <classFlags>
                SetItem(ACC_PUBLIC)
                SetItem(ACC_STATIC)
                SetItem(ACC_SUPER)
            </classFlags>
            <implMethods>
                SetItem(main : ( [  Ljava/ lang  / String ; ) V)
                SetItem(ShortArray : ( ) V)
            </implMethods>
            <classInfo>
                classfile |-> /    home/ stefan / Projects / jvm  -   
                  semantics/ programs / ShortArray  . class
                last_modified |-> ( Jun , 6 , 2014 )
                md5_checksum |-> c41fedcf6ba298fcde27f90adbc3b584
                compiled_from |-> "ShortArray.java"
                sourcefile |-> "ShortArray.java"
                minor_version |-> 0
                major_version |-> 51
            </classInfo>
            <staticFields>
                .Map
            </staticFields>
            <env>
                .Map
            </env>
        </class>
    </classes>
    <heap>
        1 |-> object ( ShortArray , <envStack> ( ShortArray , <env> .Map 
          </env> ) (   java/ lang / Object  , <env> .Map </env> ) </envStack> 
          )
        2 |-> array ( short , 3 , 3 )
        3 |-> 10
        4 |-> 20
        5 |-> 30
    </heap>
</t>
